<?xml version="1.0" encoding="UTF-8"?>
<coverage generated="1666037232458" clover="3.2.0">
  <project timestamp="1666037232458" name="All files">
    <metrics statements="251" coveredstatements="251" conditionals="66" coveredconditionals="66" methods="7" coveredmethods="7" elements="324" coveredelements="324" complexity="0" loc="251" ncloc="251" packages="1" files="1" classes="1"/>
    <file name="index.ts" path="/Users/alec/dev/oss/resolve.exports/src/index.ts">
      <metrics statements="251" coveredstatements="251" conditionals="66" coveredconditionals="66" methods="7" coveredmethods="7"/>
      <line num="1" count="1" type="stmt"/>
      <line num="2" count="1" type="stmt"/>
      <line num="3" count="1" type="stmt"/>
      <line num="4" count="1" type="stmt"/>
      <line num="5" count="1" type="stmt"/>
      <line num="6" count="1" type="stmt"/>
      <line num="7" count="1" type="stmt"/>
      <line num="8" count="1" type="stmt"/>
      <line num="9" count="1" type="stmt"/>
      <line num="10" count="1" type="stmt"/>
      <line num="11" count="1" type="stmt"/>
      <line num="12" count="1" type="stmt"/>
      <line num="13" count="1" type="stmt"/>
      <line num="14" count="1" type="stmt"/>
      <line num="15" count="1" type="stmt"/>
      <line num="16" count="1" type="stmt"/>
      <line num="17" count="1" type="stmt"/>
      <line num="18" count="1" type="stmt"/>
      <line num="19" count="1" type="stmt"/>
      <line num="20" count="1" type="stmt"/>
      <line num="21" count="1" type="stmt"/>
      <line num="22" count="1" type="stmt"/>
      <line num="23" count="1" type="stmt"/>
      <line num="24" count="1" type="stmt"/>
      <line num="25" count="1" type="stmt"/>
      <line num="26" count="1" type="stmt"/>
      <line num="27" count="1" type="stmt"/>
      <line num="28" count="1" type="stmt"/>
      <line num="29" count="1" type="stmt"/>
      <line num="30" count="1" type="stmt"/>
      <line num="31" count="1" type="stmt"/>
      <line num="32" count="1" type="stmt"/>
      <line num="33" count="1" type="stmt"/>
      <line num="34" count="1" type="stmt"/>
      <line num="35" count="1" type="stmt"/>
      <line num="36" count="1" type="stmt"/>
      <line num="37" count="1" type="stmt"/>
      <line num="38" count="1" type="stmt"/>
      <line num="39" count="1" type="stmt"/>
      <line num="40" count="1" type="stmt"/>
      <line num="41" count="1" type="stmt"/>
      <line num="42" count="1" type="stmt"/>
      <line num="43" count="1" type="stmt"/>
      <line num="44" count="1" type="stmt"/>
      <line num="45" count="1" type="stmt"/>
      <line num="46" count="1" type="stmt"/>
      <line num="47" count="1" type="stmt"/>
      <line num="48" count="1" type="stmt"/>
      <line num="49" count="1" type="cond" truecount="1" falsecount="0"/>
      <line num="50" count="49" type="stmt"/>
      <line num="51" count="49" type="stmt"/>
      <line num="52" count="49" type="stmt"/>
      <line num="53" count="49" type="stmt"/>
      <line num="54" count="49" type="stmt"/>
      <line num="55" count="49" type="cond" truecount="2" falsecount="0"/>
      <line num="56" count="3" type="stmt"/>
      <line num="57" count="3" type="stmt"/>
      <line num="58" count="3" type="stmt"/>
      <line num="59" count="49" type="cond" truecount="1" falsecount="0"/>
      <line num="60" count="49" type="cond" truecount="3" falsecount="0"/>
      <line num="61" count="3" type="cond" truecount="1" falsecount="0"/>
      <line num="62" count="3" type="stmt"/>
      <line num="63" count="3" type="stmt"/>
      <line num="64" count="49" type="cond" truecount="1" falsecount="0"/>
      <line num="65" count="46" type="stmt"/>
      <line num="66" count="46" type="stmt"/>
      <line num="67" count="49" type="cond" truecount="2" falsecount="0"/>
      <line num="68" count="49" type="cond" truecount="2" falsecount="0"/>
      <line num="69" count="49" type="stmt"/>
      <line num="70" count="49" type="stmt"/>
      <line num="71" count="49" type="stmt"/>
      <line num="72" count="49" type="stmt"/>
      <line num="73" count="49" type="cond" truecount="1" falsecount="0"/>
      <line num="74" count="3" type="stmt"/>
      <line num="75" count="3" type="cond" truecount="1" falsecount="0"/>
      <line num="76" count="1" type="cond" truecount="1" falsecount="0"/>
      <line num="77" count="2" type="stmt"/>
      <line num="78" count="3" type="stmt"/>
      <line num="79" count="3" type="stmt"/>
      <line num="80" count="3" type="stmt"/>
      <line num="81" count="49" type="cond" truecount="2" falsecount="0"/>
      <line num="82" count="49" type="stmt"/>
      <line num="83" count="49" type="stmt"/>
      <line num="84" count="49" type="stmt"/>
      <line num="85" count="49" type="stmt"/>
      <line num="86" count="49" type="cond" truecount="1" falsecount="0"/>
      <line num="87" count="76" type="stmt"/>
      <line num="88" count="76" type="stmt"/>
      <line num="89" count="76" type="stmt"/>
      <line num="90" count="76" type="stmt"/>
      <line num="91" count="76" type="stmt"/>
      <line num="92" count="76" type="stmt"/>
      <line num="93" count="76" type="stmt"/>
      <line num="94" count="76" type="cond" truecount="1" falsecount="0"/>
      <line num="95" count="44" type="stmt"/>
      <line num="96" count="44" type="stmt"/>
      <line num="97" count="44" type="stmt"/>
      <line num="98" count="44" type="stmt"/>
      <line num="99" count="44" type="stmt"/>
      <line num="100" count="44" type="stmt"/>
      <line num="101" count="44" type="cond" truecount="1" falsecount="0"/>
      <line num="102" count="44" type="stmt"/>
      <line num="103" count="44" type="stmt"/>
      <line num="104" count="44" type="cond" truecount="1" falsecount="0"/>
      <line num="105" count="3" type="stmt"/>
      <line num="106" count="3" type="stmt"/>
      <line num="107" count="3" type="stmt"/>
      <line num="108" count="3" type="stmt"/>
      <line num="109" count="44" type="cond" truecount="2" falsecount="0"/>
      <line num="110" count="14" type="stmt"/>
      <line num="111" count="14" type="stmt"/>
      <line num="112" count="14" type="stmt"/>
      <line num="113" count="44" type="cond" truecount="2" falsecount="0"/>
      <line num="114" count="1" type="stmt"/>
      <line num="115" count="1" type="stmt"/>
      <line num="116" count="1" type="stmt"/>
      <line num="117" count="1" type="stmt"/>
      <line num="118" count="1" type="stmt"/>
      <line num="119" count="1" type="stmt"/>
      <line num="120" count="1" type="stmt"/>
      <line num="121" count="44" type="cond" truecount="2" falsecount="0"/>
      <line num="122" count="27" type="stmt"/>
      <line num="123" count="27" type="cond" truecount="1" falsecount="0"/>
      <line num="124" count="31" type="stmt"/>
      <line num="125" count="31" type="stmt"/>
      <line num="126" count="27" type="stmt"/>
      <line num="127" count="24" type="stmt"/>
      <line num="128" count="76" type="stmt"/>
      <line num="129" count="76" type="stmt"/>
      <line num="130" count="49" type="cond" truecount="2" falsecount="0"/>
      <line num="131" count="14" type="stmt"/>
      <line num="132" count="14" type="stmt"/>
      <line num="133" count="14" type="stmt"/>
      <line num="134" count="49" type="cond" truecount="1" falsecount="0"/>
      <line num="135" count="49" type="cond" truecount="1" falsecount="0"/>
      <line num="136" count="1" type="stmt"/>
      <line num="137" count="1" type="stmt"/>
      <line num="138" count="1" type="stmt"/>
      <line num="139" count="88" type="cond" truecount="1" falsecount="0"/>
      <line num="140" count="88" type="stmt"/>
      <line num="141" count="88" type="stmt"/>
      <line num="142" count="88" type="stmt"/>
      <line num="143" count="88" type="stmt"/>
      <line num="144" count="88" type="stmt"/>
      <line num="145" count="88" type="stmt"/>
      <line num="146" count="88" type="cond" truecount="1" falsecount="0"/>
      <line num="147" count="3" type="stmt"/>
      <line num="148" count="3" type="stmt"/>
      <line num="149" count="88" type="cond" truecount="2" falsecount="0"/>
      <line num="150" count="39" type="stmt"/>
      <line num="151" count="39" type="stmt"/>
      <line num="152" count="88" type="cond" truecount="2" falsecount="0"/>
      <line num="153" count="12" type="stmt"/>
      <line num="154" count="12" type="stmt"/>
      <line num="155" count="88" type="cond" truecount="1" falsecount="0"/>
      <line num="156" count="34" type="stmt"/>
      <line num="157" count="88" type="stmt"/>
      <line num="158" count="12" type="cond" truecount="1" falsecount="0"/>
      <line num="159" count="12" type="stmt"/>
      <line num="160" count="12" type="stmt"/>
      <line num="161" count="12" type="stmt"/>
      <line num="162" count="12" type="stmt"/>
      <line num="163" count="12" type="stmt"/>
      <line num="164" count="12" type="stmt"/>
      <line num="165" count="12" type="stmt"/>
      <line num="166" count="12" type="cond" truecount="1" falsecount="0"/>
      <line num="167" count="21" type="stmt"/>
      <line num="168" count="21" type="cond" truecount="1" falsecount="0"/>
      <line num="169" count="1" type="stmt"/>
      <line num="170" count="1" type="stmt"/>
      <line num="171" count="21" type="cond" truecount="1" falsecount="0"/>
      <line num="172" count="20" type="stmt"/>
      <line num="173" count="12" type="cond" truecount="2" falsecount="0"/>
      <line num="174" count="1" type="stmt"/>
      <line num="175" count="1" type="stmt"/>
      <line num="176" count="12" type="cond" truecount="1" falsecount="0"/>
      <line num="177" count="10" type="stmt"/>
      <line num="178" count="12" type="stmt"/>
      <line num="179" count="34" type="cond" truecount="1" falsecount="0"/>
      <line num="180" count="34" type="stmt"/>
      <line num="181" count="34" type="stmt"/>
      <line num="182" count="34" type="stmt"/>
      <line num="183" count="34" type="stmt"/>
      <line num="184" count="34" type="stmt"/>
      <line num="185" count="34" type="stmt"/>
      <line num="186" count="34" type="cond" truecount="1" falsecount="0"/>
      <line num="187" count="37" type="cond" truecount="1" falsecount="0"/>
      <line num="188" count="22" type="stmt"/>
      <line num="189" count="22" type="stmt"/>
      <line num="190" count="22" type="stmt"/>
      <line num="191" count="22" type="stmt"/>
      <line num="192" count="22" type="stmt"/>
      <line num="193" count="22" type="stmt"/>
      <line num="194" count="22" type="cond" truecount="1" falsecount="0"/>
      <line num="195" count="2" type="stmt"/>
      <line num="196" count="2" type="stmt"/>
      <line num="197" count="22" type="cond" truecount="2" falsecount="0"/>
      <line num="198" count="16" type="stmt"/>
      <line num="199" count="16" type="stmt"/>
      <line num="200" count="37" type="cond" truecount="2" falsecount="0"/>
      <line num="201" count="1" type="stmt"/>
      <line num="202" count="1" type="stmt"/>
      <line num="203" count="1" type="stmt"/>
      <line num="204" count="1" type="stmt"/>
      <line num="205" count="37" type="stmt"/>
      <line num="206" count="34" type="cond" truecount="1" falsecount="0"/>
      <line num="207" count="34" type="cond" truecount="1" falsecount="0"/>
      <line num="208" count="1" type="stmt"/>
      <line num="209" count="1" type="stmt"/>
      <line num="210" count="34" type="cond" truecount="1" falsecount="0"/>
      <line num="211" count="14" type="stmt"/>
      <line num="212" count="34" type="stmt"/>
      <line num="213" count="1" type="stmt"/>
      <line num="214" count="1" type="stmt"/>
      <line num="215" count="1" type="stmt"/>
      <line num="216" count="1" type="stmt"/>
      <line num="217" count="1" type="stmt"/>
      <line num="218" count="1" type="stmt"/>
      <line num="219" count="24" type="cond" truecount="1" falsecount="0"/>
      <line num="220" count="24" type="stmt"/>
      <line num="221" count="24" type="stmt"/>
      <line num="222" count="24" type="stmt"/>
      <line num="223" count="24" type="stmt"/>
      <line num="224" count="24" type="stmt"/>
      <line num="225" count="24" type="cond" truecount="1" falsecount="0"/>
      <line num="226" count="1" type="stmt"/>
      <line num="227" count="1" type="stmt"/>
      <line num="228" count="1" type="stmt"/>
      <line num="229" count="24" type="cond" truecount="1" falsecount="0"/>
      <line num="230" count="23" type="stmt"/>
      <line num="231" count="23" type="stmt"/>
      <line num="232" count="23" type="stmt"/>
      <line num="233" count="23" type="stmt"/>
      <line num="234" count="23" type="stmt"/>
      <line num="235" count="23" type="stmt"/>
      <line num="236" count="24" type="stmt"/>
      <line num="237" count="18" type="cond" truecount="1" falsecount="0"/>
      <line num="238" count="18" type="stmt"/>
      <line num="239" count="18" type="stmt"/>
      <line num="240" count="18" type="stmt"/>
      <line num="241" count="18" type="stmt"/>
      <line num="242" count="18" type="cond" truecount="1" falsecount="0"/>
      <line num="243" count="1" type="stmt"/>
      <line num="244" count="1" type="stmt"/>
      <line num="245" count="18" type="cond" truecount="1" falsecount="0"/>
      <line num="246" count="17" type="stmt"/>
      <line num="247" count="18" type="stmt"/>
      <line num="248" count="1" type="stmt"/>
      <line num="249" count="1" type="cond" truecount="2" falsecount="0"/>
      <line num="250" count="1" type="stmt"/>
      <line num="251" count="1" type="stmt"/>
    </file>
  </project>
</coverage>
