<?xml version="1.0" encoding="UTF-8"?>
<coverage generated="1666044769165" clover="3.2.0">
  <project timestamp="1666044769166" name="All files">
    <metrics statements="233" coveredstatements="233" conditionals="68" coveredconditionals="68" methods="7" coveredmethods="7" elements="308" coveredelements="308" complexity="0" loc="233" ncloc="233" packages="1" files="1" classes="1"/>
    <file name="index.ts" path="/Users/alec/dev/oss/resolve.exports/src/index.ts">
      <metrics statements="233" coveredstatements="233" conditionals="68" coveredconditionals="68" methods="7" coveredmethods="7"/>
      <line num="1" count="1" type="stmt"/>
      <line num="2" count="1" type="stmt"/>
      <line num="3" count="1" type="stmt"/>
      <line num="4" count="1" type="stmt"/>
      <line num="5" count="1" type="stmt"/>
      <line num="6" count="1" type="stmt"/>
      <line num="7" count="1" type="stmt"/>
      <line num="8" count="1" type="stmt"/>
      <line num="9" count="1" type="stmt"/>
      <line num="10" count="1" type="stmt"/>
      <line num="11" count="1" type="stmt"/>
      <line num="12" count="1" type="stmt"/>
      <line num="13" count="1" type="stmt"/>
      <line num="14" count="1" type="stmt"/>
      <line num="15" count="1" type="stmt"/>
      <line num="16" count="1" type="stmt"/>
      <line num="17" count="1" type="stmt"/>
      <line num="18" count="1" type="stmt"/>
      <line num="19" count="1" type="stmt"/>
      <line num="20" count="1" type="stmt"/>
      <line num="21" count="1" type="stmt"/>
      <line num="22" count="1" type="stmt"/>
      <line num="23" count="1" type="stmt"/>
      <line num="24" count="1" type="stmt"/>
      <line num="25" count="1" type="stmt"/>
      <line num="26" count="1" type="stmt"/>
      <line num="27" count="1" type="stmt"/>
      <line num="28" count="1" type="stmt"/>
      <line num="29" count="1" type="stmt"/>
      <line num="30" count="1" type="stmt"/>
      <line num="31" count="1" type="stmt"/>
      <line num="32" count="1" type="stmt"/>
      <line num="33" count="1" type="stmt"/>
      <line num="34" count="1" type="stmt"/>
      <line num="35" count="1" type="stmt"/>
      <line num="36" count="1" type="stmt"/>
      <line num="37" count="1" type="stmt"/>
      <line num="38" count="1" type="stmt"/>
      <line num="39" count="1" type="stmt"/>
      <line num="40" count="1" type="stmt"/>
      <line num="41" count="1" type="stmt"/>
      <line num="42" count="1" type="stmt"/>
      <line num="43" count="1" type="stmt"/>
      <line num="44" count="1" type="stmt"/>
      <line num="45" count="1" type="cond" truecount="1" falsecount="0"/>
      <line num="46" count="50" type="stmt"/>
      <line num="47" count="50" type="stmt"/>
      <line num="48" count="50" type="stmt"/>
      <line num="49" count="50" type="stmt"/>
      <line num="50" count="50" type="cond" truecount="2" falsecount="0"/>
      <line num="51" count="3" type="stmt"/>
      <line num="52" count="3" type="stmt"/>
      <line num="53" count="3" type="stmt"/>
      <line num="54" count="50" type="cond" truecount="1" falsecount="0"/>
      <line num="55" count="50" type="cond" truecount="3" falsecount="0"/>
      <line num="56" count="3" type="cond" truecount="1" falsecount="0"/>
      <line num="57" count="3" type="stmt"/>
      <line num="58" count="3" type="stmt"/>
      <line num="59" count="50" type="cond" truecount="1" falsecount="0"/>
      <line num="60" count="47" type="stmt"/>
      <line num="61" count="47" type="stmt"/>
      <line num="62" count="50" type="cond" truecount="2" falsecount="0"/>
      <line num="63" count="50" type="stmt"/>
      <line num="64" count="50" type="stmt"/>
      <line num="65" count="50" type="cond" truecount="1" falsecount="0"/>
      <line num="66" count="47" type="cond" truecount="2" falsecount="0"/>
      <line num="67" count="47" type="stmt"/>
      <line num="68" count="47" type="stmt"/>
      <line num="69" count="47" type="stmt"/>
      <line num="70" count="47" type="cond" truecount="1" falsecount="0"/>
      <line num="71" count="2" type="stmt"/>
      <line num="72" count="2" type="cond" truecount="2" falsecount="0"/>
      <line num="73" count="2" type="stmt"/>
      <line num="74" count="2" type="stmt"/>
      <line num="75" count="2" type="stmt"/>
      <line num="76" count="50" type="cond" truecount="2" falsecount="0"/>
      <line num="77" count="50" type="stmt"/>
      <line num="78" count="50" type="stmt"/>
      <line num="79" count="50" type="stmt"/>
      <line num="80" count="50" type="stmt"/>
      <line num="81" count="50" type="stmt"/>
      <line num="82" count="50" type="cond" truecount="1" falsecount="0"/>
      <line num="83" count="86" type="stmt"/>
      <line num="84" count="86" type="stmt"/>
      <line num="85" count="86" type="stmt"/>
      <line num="86" count="86" type="stmt"/>
      <line num="87" count="86" type="cond" truecount="1" falsecount="0"/>
      <line num="88" count="51" type="stmt"/>
      <line num="89" count="51" type="stmt"/>
      <line num="90" count="51" type="stmt"/>
      <line num="91" count="51" type="cond" truecount="1" falsecount="0"/>
      <line num="92" count="3" type="stmt"/>
      <line num="93" count="3" type="stmt"/>
      <line num="94" count="3" type="stmt"/>
      <line num="95" count="3" type="stmt"/>
      <line num="96" count="51" type="cond" truecount="2" falsecount="0"/>
      <line num="97" count="16" type="stmt"/>
      <line num="98" count="16" type="stmt"/>
      <line num="99" count="16" type="stmt"/>
      <line num="100" count="51" type="cond" truecount="2" falsecount="0"/>
      <line num="101" count="1" type="stmt"/>
      <line num="102" count="1" type="stmt"/>
      <line num="103" count="1" type="stmt"/>
      <line num="104" count="1" type="stmt"/>
      <line num="105" count="1" type="stmt"/>
      <line num="106" count="51" type="cond" truecount="3" falsecount="0"/>
      <line num="107" count="3" type="stmt"/>
      <line num="108" count="3" type="stmt"/>
      <line num="109" count="3" type="stmt"/>
      <line num="110" count="3" type="stmt"/>
      <line num="111" count="3" type="stmt"/>
      <line num="112" count="3" type="stmt"/>
      <line num="113" count="3" type="stmt"/>
      <line num="114" count="51" type="cond" truecount="1" falsecount="0"/>
      <line num="115" count="27" type="cond" truecount="1" falsecount="0"/>
      <line num="116" count="30" type="stmt"/>
      <line num="117" count="30" type="cond" truecount="1" falsecount="0"/>
      <line num="118" count="34" type="stmt"/>
      <line num="119" count="34" type="stmt"/>
      <line num="120" count="30" type="stmt"/>
      <line num="121" count="27" type="stmt"/>
      <line num="122" count="86" type="stmt"/>
      <line num="123" count="86" type="stmt"/>
      <line num="124" count="50" type="cond" truecount="2" falsecount="0"/>
      <line num="125" count="50" type="cond" truecount="1" falsecount="0"/>
      <line num="126" count="1" type="stmt"/>
      <line num="127" count="1" type="stmt"/>
      <line num="128" count="1" type="stmt"/>
      <line num="129" count="95" type="cond" truecount="1" falsecount="0"/>
      <line num="130" count="95" type="stmt"/>
      <line num="131" count="95" type="stmt"/>
      <line num="132" count="95" type="stmt"/>
      <line num="133" count="95" type="stmt"/>
      <line num="134" count="95" type="stmt"/>
      <line num="135" count="95" type="cond" truecount="1" falsecount="0"/>
      <line num="136" count="3" type="stmt"/>
      <line num="137" count="3" type="stmt"/>
      <line num="138" count="95" type="cond" truecount="2" falsecount="0"/>
      <line num="139" count="46" type="stmt"/>
      <line num="140" count="46" type="stmt"/>
      <line num="141" count="46" type="cond" truecount="1" falsecount="0"/>
      <line num="142" count="12" type="stmt"/>
      <line num="143" count="12" type="stmt"/>
      <line num="144" count="95" type="cond" truecount="1" falsecount="0"/>
      <line num="145" count="34" type="stmt"/>
      <line num="146" count="95" type="stmt"/>
      <line num="147" count="12" type="cond" truecount="1" falsecount="0"/>
      <line num="148" count="12" type="stmt"/>
      <line num="149" count="12" type="stmt"/>
      <line num="150" count="12" type="stmt"/>
      <line num="151" count="12" type="stmt"/>
      <line num="152" count="12" type="stmt"/>
      <line num="153" count="12" type="stmt"/>
      <line num="154" count="12" type="cond" truecount="1" falsecount="0"/>
      <line num="155" count="21" type="stmt"/>
      <line num="156" count="21" type="cond" truecount="1" falsecount="0"/>
      <line num="157" count="1" type="stmt"/>
      <line num="158" count="1" type="stmt"/>
      <line num="159" count="21" type="cond" truecount="1" falsecount="0"/>
      <line num="160" count="20" type="stmt"/>
      <line num="161" count="12" type="cond" truecount="1" falsecount="0"/>
      <line num="162" count="11" type="stmt"/>
      <line num="163" count="12" type="stmt"/>
      <line num="164" count="34" type="cond" truecount="1" falsecount="0"/>
      <line num="165" count="34" type="stmt"/>
      <line num="166" count="34" type="stmt"/>
      <line num="167" count="34" type="stmt"/>
      <line num="168" count="34" type="stmt"/>
      <line num="169" count="34" type="stmt"/>
      <line num="170" count="34" type="cond" truecount="1" falsecount="0"/>
      <line num="171" count="37" type="cond" truecount="1" falsecount="0"/>
      <line num="172" count="22" type="stmt"/>
      <line num="173" count="22" type="stmt"/>
      <line num="174" count="22" type="stmt"/>
      <line num="175" count="22" type="stmt"/>
      <line num="176" count="22" type="stmt"/>
      <line num="177" count="22" type="stmt"/>
      <line num="178" count="22" type="cond" truecount="1" falsecount="0"/>
      <line num="179" count="2" type="stmt"/>
      <line num="180" count="2" type="stmt"/>
      <line num="181" count="22" type="cond" truecount="2" falsecount="0"/>
      <line num="182" count="16" type="stmt"/>
      <line num="183" count="16" type="stmt"/>
      <line num="184" count="37" type="cond" truecount="2" falsecount="0"/>
      <line num="185" count="1" type="stmt"/>
      <line num="186" count="1" type="stmt"/>
      <line num="187" count="1" type="stmt"/>
      <line num="188" count="1" type="stmt"/>
      <line num="189" count="37" type="stmt"/>
      <line num="190" count="34" type="cond" truecount="1" falsecount="0"/>
      <line num="191" count="15" type="stmt"/>
      <line num="192" count="34" type="stmt"/>
      <line num="193" count="1" type="stmt"/>
      <line num="194" count="1" type="stmt"/>
      <line num="195" count="1" type="stmt"/>
      <line num="196" count="1" type="stmt"/>
      <line num="197" count="27" type="cond" truecount="1" falsecount="0"/>
      <line num="198" count="27" type="stmt"/>
      <line num="199" count="27" type="cond" truecount="1" falsecount="0"/>
      <line num="200" count="1" type="stmt"/>
      <line num="201" count="1" type="stmt"/>
      <line num="202" count="1" type="stmt"/>
      <line num="203" count="27" type="cond" truecount="1" falsecount="0"/>
      <line num="204" count="26" type="stmt"/>
      <line num="205" count="26" type="stmt"/>
      <line num="206" count="26" type="stmt"/>
      <line num="207" count="26" type="stmt"/>
      <line num="208" count="26" type="stmt"/>
      <line num="209" count="27" type="stmt"/>
      <line num="210" count="27" type="stmt"/>
      <line num="211" count="27" type="stmt"/>
      <line num="212" count="27" type="stmt"/>
      <line num="213" count="27" type="stmt"/>
      <line num="214" count="27" type="stmt"/>
      <line num="215" count="9" type="cond" truecount="1" falsecount="0"/>
      <line num="216" count="9" type="stmt"/>
      <line num="217" count="9" type="stmt"/>
      <line num="218" count="9" type="cond" truecount="1" falsecount="0"/>
      <line num="219" count="9" type="cond" truecount="2" falsecount="0"/>
      <line num="220" count="1" type="stmt"/>
      <line num="221" count="1" type="cond" truecount="2" falsecount="0"/>
      <line num="222" count="1" type="cond" truecount="1" falsecount="0"/>
      <line num="223" count="1" type="cond" truecount="1" falsecount="0"/>
      <line num="224" count="1" type="stmt"/>
      <line num="225" count="1" type="stmt"/>
      <line num="226" count="1" type="stmt"/>
      <line num="227" count="1" type="stmt"/>
      <line num="228" count="1" type="stmt"/>
      <line num="229" count="1" type="stmt"/>
      <line num="230" count="1" type="stmt"/>
      <line num="231" count="1" type="cond" truecount="2" falsecount="0"/>
      <line num="232" count="1" type="stmt"/>
      <line num="233" count="1" type="stmt"/>
    </file>
  </project>
</coverage>
