{"/Users/alec/dev/oss/resolve.exports/src/index.ts": {"path":"/Users/alec/dev/oss/resolve.exports/src/index.ts","all":false,"statementMap":{"0":{"start":{"line":1,"column":0},"end":{"line":1,"column":78}},"1":{"start":{"line":2,"column":0},"end":{"line":2,"column":0}},"2":{"start":{"line":3,"column":0},"end":{"line":3,"column":30}},"3":{"start":{"line":4,"column":0},"end":{"line":4,"column":30}},"4":{"start":{"line":5,"column":0},"end":{"line":5,"column":1}},"5":{"start":{"line":6,"column":0},"end":{"line":6,"column":0}},"6":{"start":{"line":7,"column":0},"end":{"line":7,"column":27}},"7":{"start":{"line":8,"column":0},"end":{"line":8,"column":15}},"8":{"start":{"line":9,"column":0},"end":{"line":9,"column":42}},"9":{"start":{"line":10,"column":0},"end":{"line":10,"column":1}},"10":{"start":{"line":11,"column":0},"end":{"line":11,"column":0}},"11":{"start":{"line":12,"column":0},"end":{"line":12,"column":33}},"12":{"start":{"line":13,"column":0},"end":{"line":13,"column":3}},"13":{"start":{"line":14,"column":0},"end":{"line":14,"column":21}},"14":{"start":{"line":15,"column":0},"end":{"line":15,"column":18}},"15":{"start":{"line":16,"column":0},"end":{"line":16,"column":37}},"16":{"start":{"line":17,"column":0},"end":{"line":17,"column":31}},"17":{"start":{"line":18,"column":0},"end":{"line":18,"column":13}},"18":{"start":{"line":19,"column":0},"end":{"line":19,"column":1}},"19":{"start":{"line":20,"column":0},"end":{"line":20,"column":0}},"20":{"start":{"line":21,"column":0},"end":{"line":21,"column":33}},"21":{"start":{"line":22,"column":0},"end":{"line":22,"column":25}},"22":{"start":{"line":23,"column":0},"end":{"line":23,"column":7}},"23":{"start":{"line":24,"column":0},"end":{"line":24,"column":52}},"24":{"start":{"line":25,"column":0},"end":{"line":25,"column":7}},"25":{"start":{"line":26,"column":0},"end":{"line":26,"column":25}},"26":{"start":{"line":27,"column":0},"end":{"line":27,"column":7}},"27":{"start":{"line":28,"column":0},"end":{"line":28,"column":39}},"28":{"start":{"line":29,"column":0},"end":{"line":29,"column":6}},"29":{"start":{"line":30,"column":0},"end":{"line":30,"column":24}},"30":{"start":{"line":31,"column":0},"end":{"line":31,"column":7}},"31":{"start":{"line":32,"column":0},"end":{"line":32,"column":34}},"32":{"start":{"line":33,"column":0},"end":{"line":33,"column":7}},"33":{"start":{"line":34,"column":0},"end":{"line":34,"column":68}},"34":{"start":{"line":35,"column":0},"end":{"line":35,"column":39}},"35":{"start":{"line":36,"column":0},"end":{"line":36,"column":7}},"36":{"start":{"line":37,"column":0},"end":{"line":37,"column":26}},"37":{"start":{"line":38,"column":0},"end":{"line":38,"column":7}},"38":{"start":{"line":39,"column":0},"end":{"line":39,"column":65}},"39":{"start":{"line":40,"column":0},"end":{"line":40,"column":34}},"40":{"start":{"line":41,"column":0},"end":{"line":41,"column":7}},"41":{"start":{"line":42,"column":0},"end":{"line":42,"column":23}},"42":{"start":{"line":43,"column":0},"end":{"line":43,"column":3}},"43":{"start":{"line":44,"column":0},"end":{"line":44,"column":1}},"44":{"start":{"line":45,"column":0},"end":{"line":45,"column":0}},"45":{"start":{"line":46,"column":0},"end":{"line":46,"column":69}},"46":{"start":{"line":47,"column":0},"end":{"line":47,"column":0}},"47":{"start":{"line":48,"column":0},"end":{"line":48,"column":47}},"48":{"start":{"line":49,"column":0},"end":{"line":49,"column":6}},"49":{"start":{"line":50,"column":0},"end":{"line":50,"column":8}},"50":{"start":{"line":51,"column":0},"end":{"line":51,"column":15}},"51":{"start":{"line":52,"column":0},"end":{"line":52,"column":18}},"52":{"start":{"line":53,"column":0},"end":{"line":53,"column":6}},"53":{"start":{"line":54,"column":0},"end":{"line":54,"column":33}},"54":{"start":{"line":55,"column":0},"end":{"line":55,"column":49}},"55":{"start":{"line":56,"column":0},"end":{"line":56,"column":48}},"56":{"start":{"line":57,"column":0},"end":{"line":57,"column":3}},"57":{"start":{"line":58,"column":0},"end":{"line":58,"column":0}},"58":{"start":{"line":59,"column":0},"end":{"line":59,"column":23}},"59":{"start":{"line":60,"column":0},"end":{"line":60,"column":68}},"60":{"start":{"line":61,"column":0},"end":{"line":61,"column":38}},"61":{"start":{"line":62,"column":0},"end":{"line":62,"column":3}},"62":{"start":{"line":63,"column":0},"end":{"line":63,"column":0}},"63":{"start":{"line":64,"column":0},"end":{"line":64,"column":31}},"64":{"start":{"line":65,"column":0},"end":{"line":65,"column":32}},"65":{"start":{"line":66,"column":0},"end":{"line":66,"column":21}},"66":{"start":{"line":67,"column":0},"end":{"line":67,"column":56}},"67":{"start":{"line":68,"column":0},"end":{"line":68,"column":57}},"68":{"start":{"line":69,"column":0},"end":{"line":69,"column":13}},"69":{"start":{"line":70,"column":0},"end":{"line":70,"column":3}},"70":{"start":{"line":71,"column":0},"end":{"line":71,"column":0}},"71":{"start":{"line":72,"column":0},"end":{"line":72,"column":35}},"72":{"start":{"line":73,"column":0},"end":{"line":73,"column":27}},"73":{"start":{"line":74,"column":0},"end":{"line":74,"column":12}},"74":{"start":{"line":75,"column":0},"end":{"line":75,"column":23}},"75":{"start":{"line":76,"column":0},"end":{"line":76,"column":72}},"76":{"start":{"line":77,"column":0},"end":{"line":77,"column":43}},"77":{"start":{"line":78,"column":0},"end":{"line":78,"column":5}},"78":{"start":{"line":79,"column":0},"end":{"line":79,"column":3}},"79":{"start":{"line":80,"column":0},"end":{"line":80,"column":0}},"80":{"start":{"line":81,"column":0},"end":{"line":81,"column":22}},"81":{"start":{"line":82,"column":0},"end":{"line":82,"column":75}},"82":{"start":{"line":83,"column":0},"end":{"line":83,"column":46}},"83":{"start":{"line":84,"column":0},"end":{"line":84,"column":47}},"84":{"start":{"line":85,"column":0},"end":{"line":85,"column":0}},"85":{"start":{"line":86,"column":0},"end":{"line":86,"column":39}},"86":{"start":{"line":87,"column":0},"end":{"line":87,"column":30}},"87":{"start":{"line":88,"column":0},"end":{"line":88,"column":50}},"88":{"start":{"line":89,"column":0},"end":{"line":89,"column":5}},"89":{"start":{"line":90,"column":0},"end":{"line":90,"column":3}},"90":{"start":{"line":91,"column":0},"end":{"line":91,"column":0}},"91":{"start":{"line":92,"column":0},"end":{"line":92,"column":40}},"92":{"start":{"line":93,"column":0},"end":{"line":93,"column":0}},"93":{"start":{"line":94,"column":0},"end":{"line":94,"column":46}},"94":{"start":{"line":95,"column":0},"end":{"line":95,"column":38}},"95":{"start":{"line":96,"column":0},"end":{"line":96,"column":16}},"96":{"start":{"line":97,"column":0},"end":{"line":97,"column":45}},"97":{"start":{"line":98,"column":0},"end":{"line":98,"column":38}},"98":{"start":{"line":99,"column":0},"end":{"line":99,"column":12}},"99":{"start":{"line":100,"column":0},"end":{"line":100,"column":14}},"100":{"start":{"line":101,"column":0},"end":{"line":101,"column":16}},"101":{"start":{"line":102,"column":0},"end":{"line":102,"column":19}},"102":{"start":{"line":103,"column":0},"end":{"line":103,"column":35}},"103":{"start":{"line":104,"column":0},"end":{"line":104,"column":7}},"104":{"start":{"line":105,"column":0},"end":{"line":105,"column":0}},"105":{"start":{"line":106,"column":0},"end":{"line":106,"column":30}},"106":{"start":{"line":107,"column":0},"end":{"line":107,"column":52}},"107":{"start":{"line":108,"column":0},"end":{"line":108,"column":7}},"108":{"start":{"line":109,"column":0},"end":{"line":109,"column":0}},"109":{"start":{"line":110,"column":0},"end":{"line":110,"column":53}},"110":{"start":{"line":111,"column":0},"end":{"line":111,"column":25}},"111":{"start":{"line":112,"column":0},"end":{"line":112,"column":23}},"112":{"start":{"line":113,"column":0},"end":{"line":113,"column":7}},"113":{"start":{"line":114,"column":0},"end":{"line":114,"column":0}},"114":{"start":{"line":115,"column":0},"end":{"line":115,"column":34}},"115":{"start":{"line":116,"column":0},"end":{"line":116,"column":61}},"116":{"start":{"line":117,"column":0},"end":{"line":117,"column":24}},"117":{"start":{"line":118,"column":0},"end":{"line":118,"column":16}},"118":{"start":{"line":119,"column":0},"end":{"line":119,"column":7}},"119":{"start":{"line":120,"column":0},"end":{"line":120,"column":0}},"120":{"start":{"line":121,"column":0},"end":{"line":121,"column":68}},"121":{"start":{"line":122,"column":0},"end":{"line":122,"column":30}},"122":{"start":{"line":123,"column":0},"end":{"line":123,"column":45}},"123":{"start":{"line":124,"column":0},"end":{"line":124,"column":25}},"124":{"start":{"line":125,"column":0},"end":{"line":125,"column":79}},"125":{"start":{"line":126,"column":0},"end":{"line":126,"column":63}},"126":{"start":{"line":127,"column":0},"end":{"line":127,"column":10}},"127":{"start":{"line":128,"column":0},"end":{"line":128,"column":8}},"128":{"start":{"line":129,"column":0},"end":{"line":129,"column":5}},"129":{"start":{"line":130,"column":0},"end":{"line":130,"column":3}},"130":{"start":{"line":131,"column":0},"end":{"line":131,"column":0}},"131":{"start":{"line":132,"column":0},"end":{"line":132,"column":21}},"132":{"start":{"line":133,"column":0},"end":{"line":133,"column":23}},"133":{"start":{"line":134,"column":0},"end":{"line":134,"column":3}},"134":{"start":{"line":135,"column":0},"end":{"line":135,"column":0}},"135":{"start":{"line":136,"column":0},"end":{"line":136,"column":46}},"136":{"start":{"line":137,"column":0},"end":{"line":137,"column":1}},"137":{"start":{"line":138,"column":0},"end":{"line":138,"column":0}},"138":{"start":{"line":139,"column":0},"end":{"line":139,"column":80}},"139":{"start":{"line":140,"column":0},"end":{"line":140,"column":0}},"140":{"start":{"line":141,"column":0},"end":{"line":141,"column":24}},"141":{"start":{"line":142,"column":0},"end":{"line":142,"column":19}},"142":{"start":{"line":143,"column":0},"end":{"line":143,"column":16}},"143":{"start":{"line":144,"column":0},"end":{"line":144,"column":25}},"144":{"start":{"line":145,"column":0},"end":{"line":145,"column":26}},"145":{"start":{"line":146,"column":0},"end":{"line":146,"column":23}},"146":{"start":{"line":147,"column":0},"end":{"line":147,"column":20}},"147":{"start":{"line":148,"column":0},"end":{"line":148,"column":25}},"148":{"start":{"line":149,"column":0},"end":{"line":149,"column":15}},"149":{"start":{"line":150,"column":0},"end":{"line":150,"column":3}},"150":{"start":{"line":151,"column":0},"end":{"line":151,"column":36}},"151":{"start":{"line":152,"column":0},"end":{"line":152,"column":20}},"152":{"start":{"line":153,"column":0},"end":{"line":153,"column":3}},"153":{"start":{"line":154,"column":0},"end":{"line":154,"column":25}},"154":{"start":{"line":155,"column":0},"end":{"line":155,"column":69}},"155":{"start":{"line":156,"column":0},"end":{"line":156,"column":3}},"156":{"start":{"line":157,"column":0},"end":{"line":157,"column":72}},"157":{"start":{"line":158,"column":0},"end":{"line":158,"column":1}},"158":{"start":{"line":159,"column":0},"end":{"line":159,"column":0}},"159":{"start":{"line":160,"column":0},"end":{"line":160,"column":22}},"160":{"start":{"line":161,"column":0},"end":{"line":161,"column":19}},"161":{"start":{"line":162,"column":0},"end":{"line":162,"column":16}},"162":{"start":{"line":163,"column":0},"end":{"line":163,"column":36}},"163":{"start":{"line":164,"column":0},"end":{"line":164,"column":26}},"164":{"start":{"line":165,"column":0},"end":{"line":165,"column":23}},"165":{"start":{"line":166,"column":0},"end":{"line":166,"column":20}},"166":{"start":{"line":167,"column":0},"end":{"line":167,"column":31}},"167":{"start":{"line":168,"column":0},"end":{"line":168,"column":28}},"168":{"start":{"line":169,"column":0},"end":{"line":169,"column":60}},"169":{"start":{"line":170,"column":0},"end":{"line":170,"column":26}},"170":{"start":{"line":171,"column":0},"end":{"line":171,"column":17}},"171":{"start":{"line":172,"column":0},"end":{"line":172,"column":5}},"172":{"start":{"line":173,"column":0},"end":{"line":173,"column":28}},"173":{"start":{"line":174,"column":0},"end":{"line":174,"column":3}},"174":{"start":{"line":175,"column":0},"end":{"line":175,"column":30}},"175":{"start":{"line":176,"column":0},"end":{"line":176,"column":48}},"176":{"start":{"line":177,"column":0},"end":{"line":177,"column":3}},"177":{"start":{"line":178,"column":0},"end":{"line":178,"column":17}},"178":{"start":{"line":179,"column":0},"end":{"line":179,"column":1}},"179":{"start":{"line":180,"column":0},"end":{"line":180,"column":0}},"180":{"start":{"line":181,"column":0},"end":{"line":181,"column":27}},"181":{"start":{"line":182,"column":0},"end":{"line":182,"column":19}},"182":{"start":{"line":183,"column":0},"end":{"line":183,"column":16}},"183":{"start":{"line":184,"column":0},"end":{"line":184,"column":26}},"184":{"start":{"line":185,"column":0},"end":{"line":185,"column":26}},"185":{"start":{"line":186,"column":0},"end":{"line":186,"column":23}},"186":{"start":{"line":187,"column":0},"end":{"line":187,"column":20}},"187":{"start":{"line":188,"column":0},"end":{"line":188,"column":36}},"188":{"start":{"line":189,"column":0},"end":{"line":189,"column":36}},"189":{"start":{"line":190,"column":0},"end":{"line":190,"column":38}},"190":{"start":{"line":191,"column":0},"end":{"line":191,"column":12}},"191":{"start":{"line":192,"column":0},"end":{"line":192,"column":14}},"192":{"start":{"line":193,"column":0},"end":{"line":193,"column":27}},"193":{"start":{"line":194,"column":0},"end":{"line":194,"column":18}},"194":{"start":{"line":195,"column":0},"end":{"line":195,"column":7}},"195":{"start":{"line":196,"column":0},"end":{"line":196,"column":30}},"196":{"start":{"line":197,"column":0},"end":{"line":197,"column":19}},"197":{"start":{"line":198,"column":0},"end":{"line":198,"column":7}},"198":{"start":{"line":199,"column":0},"end":{"line":199,"column":32}},"199":{"start":{"line":200,"column":0},"end":{"line":200,"column":23}},"200":{"start":{"line":201,"column":0},"end":{"line":201,"column":7}},"201":{"start":{"line":202,"column":0},"end":{"line":202,"column":38}},"202":{"start":{"line":203,"column":0},"end":{"line":203,"column":22}},"203":{"start":{"line":204,"column":0},"end":{"line":204,"column":67}},"204":{"start":{"line":205,"column":0},"end":{"line":205,"column":7}},"205":{"start":{"line":206,"column":0},"end":{"line":206,"column":5}},"206":{"start":{"line":207,"column":0},"end":{"line":207,"column":3}},"207":{"start":{"line":208,"column":0},"end":{"line":208,"column":18}},"208":{"start":{"line":209,"column":0},"end":{"line":209,"column":20}},"209":{"start":{"line":210,"column":0},"end":{"line":210,"column":73}},"210":{"start":{"line":211,"column":0},"end":{"line":211,"column":5}},"211":{"start":{"line":212,"column":0},"end":{"line":212,"column":11}},"212":{"start":{"line":213,"column":0},"end":{"line":213,"column":1}},"213":{"start":{"line":214,"column":0},"end":{"line":214,"column":0}},"214":{"start":{"line":215,"column":0},"end":{"line":215,"column":25}},"215":{"start":{"line":216,"column":0},"end":{"line":216,"column":29}},"216":{"start":{"line":217,"column":0},"end":{"line":217,"column":43}},"217":{"start":{"line":218,"column":0},"end":{"line":218,"column":0}},"218":{"start":{"line":219,"column":0},"end":{"line":219,"column":21}},"219":{"start":{"line":220,"column":0},"end":{"line":220,"column":38}},"220":{"start":{"line":221,"column":0},"end":{"line":221,"column":24}},"221":{"start":{"line":222,"column":0},"end":{"line":222,"column":1}},"222":{"start":{"line":223,"column":0},"end":{"line":223,"column":0}},"223":{"start":{"line":224,"column":0},"end":{"line":224,"column":27}},"224":{"start":{"line":225,"column":0},"end":{"line":225,"column":19}},"225":{"start":{"line":226,"column":0},"end":{"line":226,"column":21}},"226":{"start":{"line":227,"column":0},"end":{"line":227,"column":25}},"227":{"start":{"line":228,"column":0},"end":{"line":228,"column":17}},"228":{"start":{"line":229,"column":0},"end":{"line":229,"column":48}},"229":{"start":{"line":230,"column":0},"end":{"line":230,"column":35}},"230":{"start":{"line":231,"column":0},"end":{"line":231,"column":35}},"231":{"start":{"line":232,"column":0},"end":{"line":232,"column":27}},"232":{"start":{"line":233,"column":0},"end":{"line":233,"column":22}},"233":{"start":{"line":234,"column":0},"end":{"line":234,"column":68}},"234":{"start":{"line":235,"column":0},"end":{"line":235,"column":7}},"235":{"start":{"line":236,"column":0},"end":{"line":236,"column":0}},"236":{"start":{"line":237,"column":0},"end":{"line":237,"column":34}},"237":{"start":{"line":238,"column":0},"end":{"line":238,"column":37}},"238":{"start":{"line":239,"column":0},"end":{"line":239,"column":38}},"239":{"start":{"line":240,"column":0},"end":{"line":240,"column":36}},"240":{"start":{"line":241,"column":0},"end":{"line":241,"column":0}},"241":{"start":{"line":242,"column":0},"end":{"line":242,"column":53}},"242":{"start":{"line":243,"column":0},"end":{"line":243,"column":36}},"243":{"start":{"line":244,"column":0},"end":{"line":244,"column":32}},"244":{"start":{"line":245,"column":0},"end":{"line":245,"column":12}},"245":{"start":{"line":246,"column":0},"end":{"line":246,"column":48}},"246":{"start":{"line":247,"column":0},"end":{"line":247,"column":5}},"247":{"start":{"line":248,"column":0},"end":{"line":248,"column":3}},"248":{"start":{"line":249,"column":0},"end":{"line":249,"column":33}},"249":{"start":{"line":250,"column":0},"end":{"line":250,"column":1}},"250":{"start":{"line":251,"column":0},"end":{"line":251,"column":0}},"251":{"start":{"line":252,"column":0},"end":{"line":252,"column":22}},"252":{"start":{"line":253,"column":0},"end":{"line":253,"column":19}},"253":{"start":{"line":254,"column":0},"end":{"line":254,"column":16}},"254":{"start":{"line":255,"column":0},"end":{"line":255,"column":23}},"255":{"start":{"line":256,"column":0},"end":{"line":256,"column":13}},"256":{"start":{"line":257,"column":0},"end":{"line":257,"column":20}},"257":{"start":{"line":258,"column":0},"end":{"line":258,"column":73}},"258":{"start":{"line":259,"column":0},"end":{"line":259,"column":3}},"259":{"start":{"line":260,"column":0},"end":{"line":260,"column":11}},"260":{"start":{"line":261,"column":0},"end":{"line":261,"column":1}},"261":{"start":{"line":262,"column":0},"end":{"line":262,"column":0}},"262":{"start":{"line":263,"column":0},"end":{"line":263,"column":76}},"263":{"start":{"line":264,"column":0},"end":{"line":264,"column":62}},"264":{"start":{"line":265,"column":0},"end":{"line":265,"column":12}},"265":{"start":{"line":266,"column":0},"end":{"line":266,"column":1}}},"s":{"0":1,"1":1,"2":1,"3":1,"4":1,"5":1,"6":1,"7":1,"8":1,"9":1,"10":1,"11":1,"12":1,"13":1,"14":1,"15":1,"16":1,"17":1,"18":1,"19":1,"20":1,"21":1,"22":1,"23":1,"24":1,"25":1,"26":1,"27":1,"28":1,"29":1,"30":1,"31":1,"32":1,"33":1,"34":1,"35":1,"36":1,"37":1,"38":1,"39":1,"40":1,"41":1,"42":1,"43":1,"44":1,"45":1,"46":1,"47":1,"48":1,"49":49,"50":49,"51":49,"52":49,"53":49,"54":49,"55":3,"56":3,"57":3,"58":49,"59":49,"60":3,"61":3,"62":3,"63":49,"64":46,"65":46,"66":49,"67":49,"68":49,"69":49,"70":49,"71":49,"72":49,"73":3,"74":3,"75":1,"76":2,"77":3,"78":3,"79":3,"80":49,"81":49,"82":49,"83":49,"84":49,"85":49,"86":5,"87":1,"88":1,"89":5,"90":5,"91":49,"92":41,"93":41,"94":69,"95":69,"96":42,"97":42,"98":42,"99":42,"100":42,"101":42,"102":42,"103":42,"104":42,"105":42,"106":2,"107":2,"108":2,"109":2,"110":42,"111":14,"112":14,"113":14,"114":42,"115":1,"116":1,"117":1,"118":1,"119":1,"120":1,"121":1,"122":42,"123":26,"124":26,"125":30,"126":30,"127":26,"128":23,"129":69,"130":69,"131":49,"132":14,"133":14,"134":14,"135":49,"136":49,"137":1,"138":1,"139":1,"140":86,"141":86,"142":86,"143":86,"144":86,"145":86,"146":86,"147":86,"148":2,"149":2,"150":86,"151":38,"152":38,"153":86,"154":12,"155":12,"156":86,"157":34,"158":86,"159":12,"160":12,"161":12,"162":12,"163":12,"164":12,"165":12,"166":12,"167":12,"168":21,"169":21,"170":1,"171":1,"172":21,"173":20,"174":12,"175":1,"176":1,"177":12,"178":10,"179":12,"180":34,"181":34,"182":34,"183":34,"184":34,"185":34,"186":34,"187":34,"188":37,"189":22,"190":22,"191":22,"192":22,"193":22,"194":22,"195":22,"196":2,"197":2,"198":22,"199":16,"200":16,"201":37,"202":1,"203":1,"204":1,"205":1,"206":37,"207":34,"208":34,"209":1,"210":1,"211":34,"212":14,"213":34,"214":1,"215":1,"216":1,"217":1,"218":1,"219":1,"220":1,"221":1,"222":1,"223":17,"224":17,"225":17,"226":17,"227":17,"228":17,"229":17,"230":17,"231":24,"232":24,"233":1,"234":1,"235":1,"236":24,"237":23,"238":23,"239":23,"240":23,"241":23,"242":23,"243":2,"244":24,"245":21,"246":21,"247":24,"248":17,"249":16,"250":17,"251":18,"252":18,"253":18,"254":18,"255":18,"256":18,"257":1,"258":1,"259":18,"260":17,"261":18,"262":1,"263":1,"264":1,"265":1},"branchMap":{"0":{"type":"branch","line":49,"loc":{"start":{"line":49,"column":2},"end":{"line":137,"column":1}},"locations":[{"start":{"line":49,"column":2},"end":{"line":137,"column":1}}]},"1":{"type":"branch","line":55,"loc":{"start":{"line":55,"column":16},"end":{"line":55,"column":48}},"locations":[{"start":{"line":55,"column":16},"end":{"line":55,"column":48}}]},"2":{"type":"branch","line":55,"loc":{"start":{"line":55,"column":48},"end":{"line":59,"column":6}},"locations":[{"start":{"line":55,"column":48},"end":{"line":59,"column":6}}]},"3":{"type":"branch","line":59,"loc":{"start":{"line":59,"column":2},"end":{"line":60,"column":18}},"locations":[{"start":{"line":59,"column":2},"end":{"line":60,"column":18}}]},"4":{"type":"branch","line":60,"loc":{"start":{"line":60,"column":7},"end":{"line":60,"column":49}},"locations":[{"start":{"line":60,"column":7},"end":{"line":60,"column":49}}]},"5":{"type":"branch","line":60,"loc":{"start":{"line":60,"column":37},"end":{"line":60,"column":67}},"locations":[{"start":{"line":60,"column":37},"end":{"line":60,"column":67}}]},"6":{"type":"branch","line":60,"loc":{"start":{"line":60,"column":67},"end":{"line":64,"column":8}},"locations":[{"start":{"line":60,"column":67},"end":{"line":64,"column":8}}]},"7":{"type":"branch","line":61,"loc":{"start":{"line":61,"column":21},"end":{"line":61,"column":37}},"locations":[{"start":{"line":61,"column":21},"end":{"line":61,"column":37}}]},"8":{"type":"branch","line":64,"loc":{"start":{"line":64,"column":2},"end":{"line":67,"column":27}},"locations":[{"start":{"line":64,"column":2},"end":{"line":67,"column":27}}]},"9":{"type":"branch","line":67,"loc":{"start":{"line":67,"column":12},"end":{"line":67,"column":42}},"locations":[{"start":{"line":67,"column":12},"end":{"line":67,"column":42}}]},"10":{"type":"branch","line":67,"loc":{"start":{"line":67,"column":27},"end":{"line":67,"column":56}},"locations":[{"start":{"line":67,"column":27},"end":{"line":67,"column":56}}]},"11":{"type":"branch","line":68,"loc":{"start":{"line":68,"column":12},"end":{"line":68,"column":36}},"locations":[{"start":{"line":68,"column":12},"end":{"line":68,"column":36}}]},"12":{"type":"branch","line":68,"loc":{"start":{"line":68,"column":24},"end":{"line":68,"column":57}},"locations":[{"start":{"line":68,"column":24},"end":{"line":68,"column":57}}]},"13":{"type":"branch","line":73,"loc":{"start":{"line":73,"column":26},"end":{"line":81,"column":8}},"locations":[{"start":{"line":73,"column":26},"end":{"line":81,"column":8}}]},"14":{"type":"branch","line":75,"loc":{"start":{"line":75,"column":17},"end":{"line":76,"column":72}},"locations":[{"start":{"line":75,"column":17},"end":{"line":76,"column":72}}]},"15":{"type":"branch","line":76,"loc":{"start":{"line":76,"column":67},"end":{"line":77,"column":43}},"locations":[{"start":{"line":76,"column":67},"end":{"line":77,"column":43}}]},"16":{"type":"branch","line":81,"loc":{"start":{"line":81,"column":2},"end":{"line":82,"column":38}},"locations":[{"start":{"line":81,"column":2},"end":{"line":82,"column":38}}]},"17":{"type":"branch","line":82,"loc":{"start":{"line":82,"column":33},"end":{"line":82,"column":75}},"locations":[{"start":{"line":82,"column":33},"end":{"line":82,"column":75}}]},"18":{"type":"branch","line":86,"loc":{"start":{"line":86,"column":38},"end":{"line":92,"column":6}},"locations":[{"start":{"line":86,"column":38},"end":{"line":92,"column":6}}]},"19":{"type":"branch","line":87,"loc":{"start":{"line":87,"column":29},"end":{"line":89,"column":5}},"locations":[{"start":{"line":87,"column":29},"end":{"line":89,"column":5}}]},"20":{"type":"branch","line":92,"loc":{"start":{"line":92,"column":2},"end":{"line":94,"column":46}},"locations":[{"start":{"line":92,"column":2},"end":{"line":94,"column":46}}]},"21":{"type":"branch","line":94,"loc":{"start":{"line":94,"column":45},"end":{"line":132,"column":6}},"locations":[{"start":{"line":94,"column":45},"end":{"line":132,"column":6}}]},"22":{"type":"branch","line":96,"loc":{"start":{"line":96,"column":15},"end":{"line":129,"column":5}},"locations":[{"start":{"line":96,"column":15},"end":{"line":129,"column":5}}]},"23":{"type":"branch","line":103,"loc":{"start":{"line":103,"column":8},"end":{"line":103,"column":35}},"locations":[{"start":{"line":103,"column":8},"end":{"line":103,"column":35}}]},"24":{"type":"branch","line":106,"loc":{"start":{"line":106,"column":29},"end":{"line":111,"column":10}},"locations":[{"start":{"line":106,"column":29},"end":{"line":111,"column":10}}]},"25":{"type":"branch","line":111,"loc":{"start":{"line":111,"column":6},"end":{"line":111,"column":25}},"locations":[{"start":{"line":111,"column":6},"end":{"line":111,"column":25}}]},"26":{"type":"branch","line":111,"loc":{"start":{"line":111,"column":24},"end":{"line":115,"column":10}},"locations":[{"start":{"line":111,"column":24},"end":{"line":115,"column":10}}]},"27":{"type":"branch","line":115,"loc":{"start":{"line":115,"column":6},"end":{"line":115,"column":34}},"locations":[{"start":{"line":115,"column":6},"end":{"line":115,"column":34}}]},"28":{"type":"branch","line":115,"loc":{"start":{"line":115,"column":33},"end":{"line":123,"column":21}},"locations":[{"start":{"line":115,"column":33},"end":{"line":123,"column":21}}]},"29":{"type":"branch","line":123,"loc":{"start":{"line":123,"column":6},"end":{"line":129,"column":5}},"locations":[{"start":{"line":123,"column":6},"end":{"line":129,"column":5}}]},"30":{"type":"branch","line":132,"loc":{"start":{"line":132,"column":2},"end":{"line":132,"column":21}},"locations":[{"start":{"line":132,"column":2},"end":{"line":132,"column":21}}]},"31":{"type":"branch","line":132,"loc":{"start":{"line":132,"column":20},"end":{"line":136,"column":9}},"locations":[{"start":{"line":132,"column":20},"end":{"line":136,"column":9}}]},"32":{"type":"branch","line":136,"loc":{"start":{"line":136,"column":2},"end":{"line":137,"column":1}},"locations":[{"start":{"line":136,"column":2},"end":{"line":137,"column":1}}]},"33":{"type":"branch","line":123,"loc":{"start":{"line":123,"column":35},"end":{"line":128,"column":8}},"locations":[{"start":{"line":123,"column":35},"end":{"line":128,"column":8}}]},"34":{"type":"branch","line":125,"loc":{"start":{"line":125,"column":72},"end":{"line":127,"column":10}},"locations":[{"start":{"line":125,"column":72},"end":{"line":127,"column":10}}]},"35":{"type":"branch","line":137,"loc":{"start":{"line":137,"column":0},"end":{"line":137,"column":1}},"locations":[{"start":{"line":137,"column":0},"end":{"line":137,"column":1}}]},"36":{"type":"branch","line":141,"loc":{"start":{"line":141,"column":0},"end":{"line":160,"column":9}},"locations":[{"start":{"line":141,"column":0},"end":{"line":160,"column":9}}]},"37":{"type":"branch","line":148,"loc":{"start":{"line":148,"column":24},"end":{"line":151,"column":6}},"locations":[{"start":{"line":148,"column":24},"end":{"line":151,"column":6}}]},"38":{"type":"branch","line":151,"loc":{"start":{"line":151,"column":2},"end":{"line":151,"column":36}},"locations":[{"start":{"line":151,"column":2},"end":{"line":151,"column":36}}]},"39":{"type":"branch","line":151,"loc":{"start":{"line":151,"column":35},"end":{"line":154,"column":6}},"locations":[{"start":{"line":151,"column":35},"end":{"line":154,"column":6}}]},"40":{"type":"branch","line":154,"loc":{"start":{"line":154,"column":2},"end":{"line":154,"column":25}},"locations":[{"start":{"line":154,"column":2},"end":{"line":154,"column":25}}]},"41":{"type":"branch","line":154,"loc":{"start":{"line":154,"column":24},"end":{"line":157,"column":9}},"locations":[{"start":{"line":154,"column":24},"end":{"line":157,"column":9}}]},"42":{"type":"branch","line":157,"loc":{"start":{"line":157,"column":2},"end":{"line":158,"column":1}},"locations":[{"start":{"line":157,"column":2},"end":{"line":158,"column":1}}]},"43":{"type":"branch","line":160,"loc":{"start":{"line":160,"column":0},"end":{"line":181,"column":9}},"locations":[{"start":{"line":160,"column":0},"end":{"line":181,"column":9}}]},"44":{"type":"branch","line":168,"loc":{"start":{"line":168,"column":27},"end":{"line":175,"column":6}},"locations":[{"start":{"line":168,"column":27},"end":{"line":175,"column":6}}]},"45":{"type":"branch","line":170,"loc":{"start":{"line":170,"column":25},"end":{"line":173,"column":13}},"locations":[{"start":{"line":170,"column":25},"end":{"line":173,"column":13}}]},"46":{"type":"branch","line":173,"loc":{"start":{"line":173,"column":4},"end":{"line":175,"column":6}},"locations":[{"start":{"line":173,"column":4},"end":{"line":175,"column":6}}]},"47":{"type":"branch","line":175,"loc":{"start":{"line":175,"column":2},"end":{"line":175,"column":30}},"locations":[{"start":{"line":175,"column":2},"end":{"line":175,"column":30}}]},"48":{"type":"branch","line":175,"loc":{"start":{"line":175,"column":29},"end":{"line":178,"column":9}},"locations":[{"start":{"line":175,"column":29},"end":{"line":178,"column":9}}]},"49":{"type":"branch","line":178,"loc":{"start":{"line":178,"column":2},"end":{"line":179,"column":1}},"locations":[{"start":{"line":178,"column":2},"end":{"line":179,"column":1}}]},"50":{"type":"branch","line":181,"loc":{"start":{"line":181,"column":0},"end":{"line":215,"column":6}},"locations":[{"start":{"line":181,"column":0},"end":{"line":215,"column":6}}]},"51":{"type":"branch","line":188,"loc":{"start":{"line":188,"column":35},"end":{"line":208,"column":6}},"locations":[{"start":{"line":188,"column":35},"end":{"line":208,"column":6}}]},"52":{"type":"branch","line":189,"loc":{"start":{"line":189,"column":35},"end":{"line":202,"column":15}},"locations":[{"start":{"line":189,"column":35},"end":{"line":202,"column":15}}]},"53":{"type":"branch","line":196,"loc":{"start":{"line":196,"column":29},"end":{"line":199,"column":10}},"locations":[{"start":{"line":196,"column":29},"end":{"line":199,"column":10}}]},"54":{"type":"branch","line":199,"loc":{"start":{"line":199,"column":6},"end":{"line":199,"column":32}},"locations":[{"start":{"line":199,"column":6},"end":{"line":199,"column":32}}]},"55":{"type":"branch","line":199,"loc":{"start":{"line":199,"column":31},"end":{"line":201,"column":7}},"locations":[{"start":{"line":199,"column":31},"end":{"line":201,"column":7}}]},"56":{"type":"branch","line":202,"loc":{"start":{"line":202,"column":4},"end":{"line":206,"column":5}},"locations":[{"start":{"line":202,"column":4},"end":{"line":206,"column":5}}]},"57":{"type":"branch","line":202,"loc":{"start":{"line":202,"column":37},"end":{"line":206,"column":5}},"locations":[{"start":{"line":202,"column":37},"end":{"line":206,"column":5}}]},"58":{"type":"branch","line":208,"loc":{"start":{"line":208,"column":2},"end":{"line":209,"column":10}},"locations":[{"start":{"line":208,"column":2},"end":{"line":209,"column":10}}]},"59":{"type":"branch","line":209,"loc":{"start":{"line":209,"column":4},"end":{"line":212,"column":9}},"locations":[{"start":{"line":209,"column":4},"end":{"line":212,"column":9}}]},"60":{"type":"branch","line":212,"loc":{"start":{"line":212,"column":2},"end":{"line":213,"column":1}},"locations":[{"start":{"line":212,"column":2},"end":{"line":213,"column":1}}]},"61":{"type":"branch","line":224,"loc":{"start":{"line":224,"column":0},"end":{"line":252,"column":9}},"locations":[{"start":{"line":224,"column":0},"end":{"line":252,"column":9}}]},"62":{"type":"branch","line":231,"loc":{"start":{"line":231,"column":34},"end":{"line":249,"column":9}},"locations":[{"start":{"line":231,"column":34},"end":{"line":249,"column":9}}]},"63":{"type":"branch","line":233,"loc":{"start":{"line":233,"column":6},"end":{"line":237,"column":10}},"locations":[{"start":{"line":233,"column":6},"end":{"line":237,"column":10}}]},"64":{"type":"branch","line":237,"loc":{"start":{"line":237,"column":4},"end":{"line":243,"column":36}},"locations":[{"start":{"line":237,"column":4},"end":{"line":243,"column":36}}]},"65":{"type":"branch","line":243,"loc":{"start":{"line":243,"column":35},"end":{"line":245,"column":11}},"locations":[{"start":{"line":243,"column":35},"end":{"line":245,"column":11}}]},"66":{"type":"branch","line":245,"loc":{"start":{"line":245,"column":4},"end":{"line":247,"column":5}},"locations":[{"start":{"line":245,"column":4},"end":{"line":247,"column":5}}]},"67":{"type":"branch","line":249,"loc":{"start":{"line":249,"column":2},"end":{"line":250,"column":1}},"locations":[{"start":{"line":249,"column":2},"end":{"line":250,"column":1}}]},"68":{"type":"branch","line":252,"loc":{"start":{"line":252,"column":0},"end":{"line":263,"column":9}},"locations":[{"start":{"line":252,"column":0},"end":{"line":263,"column":9}}]},"69":{"type":"branch","line":257,"loc":{"start":{"line":257,"column":19},"end":{"line":260,"column":9}},"locations":[{"start":{"line":257,"column":19},"end":{"line":260,"column":9}}]},"70":{"type":"branch","line":260,"loc":{"start":{"line":260,"column":2},"end":{"line":261,"column":1}},"locations":[{"start":{"line":260,"column":2},"end":{"line":261,"column":1}}]},"71":{"type":"branch","line":264,"loc":{"start":{"line":264,"column":29},"end":{"line":264,"column":62}},"locations":[{"start":{"line":264,"column":29},"end":{"line":264,"column":62}}]},"72":{"type":"branch","line":264,"loc":{"start":{"line":264,"column":42},"end":{"line":264,"column":62}},"locations":[{"start":{"line":264,"column":42},"end":{"line":264,"column":62}}]}},"b":{"0":[49],"1":[38],"2":[3],"3":[46],"4":[45],"5":[43],"6":[3],"7":[1],"8":[46],"9":[3],"10":[43],"11":[6],"12":[40],"13":[3],"14":[1],"15":[2],"16":[43],"17":[17],"18":[5],"19":[1],"20":[41],"21":[69],"22":[42],"23":[1],"24":[2],"25":[38],"26":[14],"27":[24],"28":[1],"29":[23],"30":[23],"31":[14],"32":[9],"33":[26],"34":[30],"35":[49],"36":[86],"37":[2],"38":[84],"39":[38],"40":[46],"41":[12],"42":[34],"43":[12],"44":[21],"45":[1],"46":[20],"47":[11],"48":[1],"49":[10],"50":[34],"51":[37],"52":[22],"53":[2],"54":[20],"55":[16],"56":[15],"57":[1],"58":[15],"59":[1],"60":[14],"61":[17],"62":[24],"63":[1],"64":[23],"65":[2],"66":[21],"67":[16],"68":[18],"69":[1],"70":[17],"71":[224],"72":[178]},"fnMap":{"0":{"name":"resolveExports","decl":{"start":{"line":49,"column":2},"end":{"line":137,"column":1}},"loc":{"start":{"line":49,"column":2},"end":{"line":137,"column":1}},"line":49},"1":{"name":"get","decl":{"start":{"line":137,"column":0},"end":{"line":137,"column":1}},"loc":{"start":{"line":137,"column":0},"end":{"line":137,"column":1}},"line":137},"2":{"name":"resolveMapping","decl":{"start":{"line":141,"column":0},"end":{"line":160,"column":9}},"loc":{"start":{"line":141,"column":0},"end":{"line":160,"column":9}},"line":141},"3":{"name":"resolveArray","decl":{"start":{"line":160,"column":0},"end":{"line":181,"column":9}},"loc":{"start":{"line":160,"column":0},"end":{"line":181,"column":9}},"line":160},"4":{"name":"resolveConditions","decl":{"start":{"line":181,"column":0},"end":{"line":215,"column":6}},"loc":{"start":{"line":181,"column":0},"end":{"line":215,"column":6}},"line":181},"5":{"name":"parsePathPatterns","decl":{"start":{"line":224,"column":0},"end":{"line":252,"column":9}},"loc":{"start":{"line":224,"column":0},"end":{"line":252,"column":9}},"line":224},"6":{"name":"missingEntry","decl":{"start":{"line":252,"column":0},"end":{"line":263,"column":9}},"loc":{"start":{"line":252,"column":0},"end":{"line":263,"column":9}},"line":252}},"f":{"0":49,"1":49,"2":86,"3":12,"4":34,"5":17,"6":18}}
}
