{"/Users/alec/dev/oss/resolve.exports/src/index.ts": {"path":"/Users/alec/dev/oss/resolve.exports/src/index.ts","all":false,"statementMap":{"0":{"start":{"line":1,"column":0},"end":{"line":1,"column":78}},"1":{"start":{"line":2,"column":0},"end":{"line":2,"column":0}},"2":{"start":{"line":3,"column":0},"end":{"line":3,"column":30}},"3":{"start":{"line":4,"column":0},"end":{"line":4,"column":30}},"4":{"start":{"line":5,"column":0},"end":{"line":5,"column":1}},"5":{"start":{"line":6,"column":0},"end":{"line":6,"column":0}},"6":{"start":{"line":7,"column":0},"end":{"line":7,"column":27}},"7":{"start":{"line":8,"column":0},"end":{"line":8,"column":15}},"8":{"start":{"line":9,"column":0},"end":{"line":9,"column":42}},"9":{"start":{"line":10,"column":0},"end":{"line":10,"column":1}},"10":{"start":{"line":11,"column":0},"end":{"line":11,"column":0}},"11":{"start":{"line":12,"column":0},"end":{"line":12,"column":33}},"12":{"start":{"line":13,"column":0},"end":{"line":13,"column":3}},"13":{"start":{"line":14,"column":0},"end":{"line":14,"column":21}},"14":{"start":{"line":15,"column":0},"end":{"line":15,"column":18}},"15":{"start":{"line":16,"column":0},"end":{"line":16,"column":37}},"16":{"start":{"line":17,"column":0},"end":{"line":17,"column":31}},"17":{"start":{"line":18,"column":0},"end":{"line":18,"column":13}},"18":{"start":{"line":19,"column":0},"end":{"line":19,"column":1}},"19":{"start":{"line":20,"column":0},"end":{"line":20,"column":0}},"20":{"start":{"line":21,"column":0},"end":{"line":21,"column":33}},"21":{"start":{"line":22,"column":0},"end":{"line":22,"column":25}},"22":{"start":{"line":23,"column":0},"end":{"line":23,"column":7}},"23":{"start":{"line":24,"column":0},"end":{"line":24,"column":52}},"24":{"start":{"line":25,"column":0},"end":{"line":25,"column":7}},"25":{"start":{"line":26,"column":0},"end":{"line":26,"column":25}},"26":{"start":{"line":27,"column":0},"end":{"line":27,"column":7}},"27":{"start":{"line":28,"column":0},"end":{"line":28,"column":39}},"28":{"start":{"line":29,"column":0},"end":{"line":29,"column":6}},"29":{"start":{"line":30,"column":0},"end":{"line":30,"column":24}},"30":{"start":{"line":31,"column":0},"end":{"line":31,"column":7}},"31":{"start":{"line":32,"column":0},"end":{"line":32,"column":34}},"32":{"start":{"line":33,"column":0},"end":{"line":33,"column":7}},"33":{"start":{"line":34,"column":0},"end":{"line":34,"column":68}},"34":{"start":{"line":35,"column":0},"end":{"line":35,"column":39}},"35":{"start":{"line":36,"column":0},"end":{"line":36,"column":7}},"36":{"start":{"line":37,"column":0},"end":{"line":37,"column":26}},"37":{"start":{"line":38,"column":0},"end":{"line":38,"column":7}},"38":{"start":{"line":39,"column":0},"end":{"line":39,"column":65}},"39":{"start":{"line":40,"column":0},"end":{"line":40,"column":34}},"40":{"start":{"line":41,"column":0},"end":{"line":41,"column":7}},"41":{"start":{"line":42,"column":0},"end":{"line":42,"column":23}},"42":{"start":{"line":43,"column":0},"end":{"line":43,"column":3}},"43":{"start":{"line":44,"column":0},"end":{"line":44,"column":1}},"44":{"start":{"line":45,"column":0},"end":{"line":45,"column":0}},"45":{"start":{"line":46,"column":0},"end":{"line":46,"column":70}},"46":{"start":{"line":47,"column":0},"end":{"line":47,"column":0}},"47":{"start":{"line":48,"column":0},"end":{"line":48,"column":47}},"48":{"start":{"line":49,"column":0},"end":{"line":49,"column":6}},"49":{"start":{"line":50,"column":0},"end":{"line":50,"column":8}},"50":{"start":{"line":51,"column":0},"end":{"line":51,"column":15}},"51":{"start":{"line":52,"column":0},"end":{"line":52,"column":18}},"52":{"start":{"line":53,"column":0},"end":{"line":53,"column":6}},"53":{"start":{"line":54,"column":0},"end":{"line":54,"column":33}},"54":{"start":{"line":55,"column":0},"end":{"line":55,"column":49}},"55":{"start":{"line":56,"column":0},"end":{"line":56,"column":48}},"56":{"start":{"line":57,"column":0},"end":{"line":57,"column":3}},"57":{"start":{"line":58,"column":0},"end":{"line":58,"column":0}},"58":{"start":{"line":59,"column":0},"end":{"line":59,"column":23}},"59":{"start":{"line":60,"column":0},"end":{"line":60,"column":68}},"60":{"start":{"line":61,"column":0},"end":{"line":61,"column":38}},"61":{"start":{"line":62,"column":0},"end":{"line":62,"column":3}},"62":{"start":{"line":63,"column":0},"end":{"line":63,"column":0}},"63":{"start":{"line":64,"column":0},"end":{"line":64,"column":31}},"64":{"start":{"line":65,"column":0},"end":{"line":65,"column":32}},"65":{"start":{"line":66,"column":0},"end":{"line":66,"column":21}},"66":{"start":{"line":67,"column":0},"end":{"line":67,"column":56}},"67":{"start":{"line":68,"column":0},"end":{"line":68,"column":57}},"68":{"start":{"line":69,"column":0},"end":{"line":69,"column":13}},"69":{"start":{"line":70,"column":0},"end":{"line":70,"column":3}},"70":{"start":{"line":71,"column":0},"end":{"line":71,"column":0}},"71":{"start":{"line":72,"column":0},"end":{"line":72,"column":35}},"72":{"start":{"line":73,"column":0},"end":{"line":73,"column":27}},"73":{"start":{"line":74,"column":0},"end":{"line":74,"column":12}},"74":{"start":{"line":75,"column":0},"end":{"line":75,"column":23}},"75":{"start":{"line":76,"column":0},"end":{"line":76,"column":72}},"76":{"start":{"line":77,"column":0},"end":{"line":77,"column":43}},"77":{"start":{"line":78,"column":0},"end":{"line":78,"column":5}},"78":{"start":{"line":79,"column":0},"end":{"line":79,"column":3}},"79":{"start":{"line":80,"column":0},"end":{"line":80,"column":0}},"80":{"start":{"line":81,"column":0},"end":{"line":81,"column":55}},"81":{"start":{"line":82,"column":0},"end":{"line":82,"column":42}},"82":{"start":{"line":83,"column":0},"end":{"line":83,"column":0}},"83":{"start":{"line":84,"column":0},"end":{"line":84,"column":40}},"84":{"start":{"line":85,"column":0},"end":{"line":85,"column":0}},"85":{"start":{"line":86,"column":0},"end":{"line":86,"column":41}},"86":{"start":{"line":87,"column":0},"end":{"line":87,"column":65}},"87":{"start":{"line":88,"column":0},"end":{"line":88,"column":10}},"88":{"start":{"line":89,"column":0},"end":{"line":89,"column":14}},"89":{"start":{"line":90,"column":0},"end":{"line":90,"column":13}},"90":{"start":{"line":91,"column":0},"end":{"line":91,"column":6}},"91":{"start":{"line":92,"column":0},"end":{"line":92,"column":0}},"92":{"start":{"line":93,"column":0},"end":{"line":93,"column":38}},"93":{"start":{"line":94,"column":0},"end":{"line":94,"column":16}},"94":{"start":{"line":95,"column":0},"end":{"line":95,"column":45}},"95":{"start":{"line":96,"column":0},"end":{"line":96,"column":38}},"96":{"start":{"line":97,"column":0},"end":{"line":97,"column":12}},"97":{"start":{"line":98,"column":0},"end":{"line":98,"column":14}},"98":{"start":{"line":99,"column":0},"end":{"line":99,"column":16}},"99":{"start":{"line":100,"column":0},"end":{"line":100,"column":19}},"100":{"start":{"line":101,"column":0},"end":{"line":101,"column":35}},"101":{"start":{"line":102,"column":0},"end":{"line":102,"column":7}},"102":{"start":{"line":103,"column":0},"end":{"line":103,"column":0}},"103":{"start":{"line":104,"column":0},"end":{"line":104,"column":30}},"104":{"start":{"line":105,"column":0},"end":{"line":105,"column":52}},"105":{"start":{"line":106,"column":0},"end":{"line":106,"column":7}},"106":{"start":{"line":107,"column":0},"end":{"line":107,"column":0}},"107":{"start":{"line":108,"column":0},"end":{"line":108,"column":53}},"108":{"start":{"line":109,"column":0},"end":{"line":109,"column":25}},"109":{"start":{"line":110,"column":0},"end":{"line":110,"column":23}},"110":{"start":{"line":111,"column":0},"end":{"line":111,"column":7}},"111":{"start":{"line":112,"column":0},"end":{"line":112,"column":0}},"112":{"start":{"line":113,"column":0},"end":{"line":113,"column":34}},"113":{"start":{"line":114,"column":0},"end":{"line":114,"column":61}},"114":{"start":{"line":115,"column":0},"end":{"line":115,"column":24}},"115":{"start":{"line":116,"column":0},"end":{"line":116,"column":16}},"116":{"start":{"line":117,"column":0},"end":{"line":117,"column":7}},"117":{"start":{"line":118,"column":0},"end":{"line":118,"column":0}},"118":{"start":{"line":119,"column":0},"end":{"line":119,"column":68}},"119":{"start":{"line":120,"column":0},"end":{"line":120,"column":30}},"120":{"start":{"line":121,"column":0},"end":{"line":121,"column":45}},"121":{"start":{"line":122,"column":0},"end":{"line":122,"column":25}},"122":{"start":{"line":123,"column":0},"end":{"line":123,"column":79}},"123":{"start":{"line":124,"column":0},"end":{"line":124,"column":63}},"124":{"start":{"line":125,"column":0},"end":{"line":125,"column":10}},"125":{"start":{"line":126,"column":0},"end":{"line":126,"column":8}},"126":{"start":{"line":127,"column":0},"end":{"line":127,"column":5}},"127":{"start":{"line":128,"column":0},"end":{"line":128,"column":3}},"128":{"start":{"line":129,"column":0},"end":{"line":129,"column":0}},"129":{"start":{"line":130,"column":0},"end":{"line":130,"column":21}},"130":{"start":{"line":131,"column":0},"end":{"line":131,"column":23}},"131":{"start":{"line":132,"column":0},"end":{"line":132,"column":3}},"132":{"start":{"line":133,"column":0},"end":{"line":133,"column":0}},"133":{"start":{"line":134,"column":0},"end":{"line":134,"column":46}},"134":{"start":{"line":135,"column":0},"end":{"line":135,"column":1}},"135":{"start":{"line":136,"column":0},"end":{"line":136,"column":0}},"136":{"start":{"line":137,"column":0},"end":{"line":137,"column":80}},"137":{"start":{"line":138,"column":0},"end":{"line":138,"column":0}},"138":{"start":{"line":139,"column":0},"end":{"line":139,"column":24}},"139":{"start":{"line":140,"column":0},"end":{"line":140,"column":19}},"140":{"start":{"line":141,"column":0},"end":{"line":141,"column":16}},"141":{"start":{"line":142,"column":0},"end":{"line":142,"column":25}},"142":{"start":{"line":143,"column":0},"end":{"line":143,"column":26}},"143":{"start":{"line":144,"column":0},"end":{"line":144,"column":23}},"144":{"start":{"line":145,"column":0},"end":{"line":145,"column":20}},"145":{"start":{"line":146,"column":0},"end":{"line":146,"column":25}},"146":{"start":{"line":147,"column":0},"end":{"line":147,"column":15}},"147":{"start":{"line":148,"column":0},"end":{"line":148,"column":3}},"148":{"start":{"line":149,"column":0},"end":{"line":149,"column":36}},"149":{"start":{"line":150,"column":0},"end":{"line":150,"column":20}},"150":{"start":{"line":151,"column":0},"end":{"line":151,"column":3}},"151":{"start":{"line":152,"column":0},"end":{"line":152,"column":25}},"152":{"start":{"line":153,"column":0},"end":{"line":153,"column":69}},"153":{"start":{"line":154,"column":0},"end":{"line":154,"column":3}},"154":{"start":{"line":155,"column":0},"end":{"line":155,"column":72}},"155":{"start":{"line":156,"column":0},"end":{"line":156,"column":1}},"156":{"start":{"line":157,"column":0},"end":{"line":157,"column":0}},"157":{"start":{"line":158,"column":0},"end":{"line":158,"column":22}},"158":{"start":{"line":159,"column":0},"end":{"line":159,"column":19}},"159":{"start":{"line":160,"column":0},"end":{"line":160,"column":16}},"160":{"start":{"line":161,"column":0},"end":{"line":161,"column":36}},"161":{"start":{"line":162,"column":0},"end":{"line":162,"column":26}},"162":{"start":{"line":163,"column":0},"end":{"line":163,"column":23}},"163":{"start":{"line":164,"column":0},"end":{"line":164,"column":20}},"164":{"start":{"line":165,"column":0},"end":{"line":165,"column":31}},"165":{"start":{"line":166,"column":0},"end":{"line":166,"column":28}},"166":{"start":{"line":167,"column":0},"end":{"line":167,"column":60}},"167":{"start":{"line":168,"column":0},"end":{"line":168,"column":26}},"168":{"start":{"line":169,"column":0},"end":{"line":169,"column":17}},"169":{"start":{"line":170,"column":0},"end":{"line":170,"column":5}},"170":{"start":{"line":171,"column":0},"end":{"line":171,"column":28}},"171":{"start":{"line":172,"column":0},"end":{"line":172,"column":3}},"172":{"start":{"line":173,"column":0},"end":{"line":173,"column":30}},"173":{"start":{"line":174,"column":0},"end":{"line":174,"column":48}},"174":{"start":{"line":175,"column":0},"end":{"line":175,"column":3}},"175":{"start":{"line":176,"column":0},"end":{"line":176,"column":17}},"176":{"start":{"line":177,"column":0},"end":{"line":177,"column":1}},"177":{"start":{"line":178,"column":0},"end":{"line":178,"column":0}},"178":{"start":{"line":179,"column":0},"end":{"line":179,"column":27}},"179":{"start":{"line":180,"column":0},"end":{"line":180,"column":19}},"180":{"start":{"line":181,"column":0},"end":{"line":181,"column":16}},"181":{"start":{"line":182,"column":0},"end":{"line":182,"column":26}},"182":{"start":{"line":183,"column":0},"end":{"line":183,"column":26}},"183":{"start":{"line":184,"column":0},"end":{"line":184,"column":23}},"184":{"start":{"line":185,"column":0},"end":{"line":185,"column":20}},"185":{"start":{"line":186,"column":0},"end":{"line":186,"column":36}},"186":{"start":{"line":187,"column":0},"end":{"line":187,"column":36}},"187":{"start":{"line":188,"column":0},"end":{"line":188,"column":38}},"188":{"start":{"line":189,"column":0},"end":{"line":189,"column":12}},"189":{"start":{"line":190,"column":0},"end":{"line":190,"column":14}},"190":{"start":{"line":191,"column":0},"end":{"line":191,"column":27}},"191":{"start":{"line":192,"column":0},"end":{"line":192,"column":18}},"192":{"start":{"line":193,"column":0},"end":{"line":193,"column":7}},"193":{"start":{"line":194,"column":0},"end":{"line":194,"column":30}},"194":{"start":{"line":195,"column":0},"end":{"line":195,"column":19}},"195":{"start":{"line":196,"column":0},"end":{"line":196,"column":7}},"196":{"start":{"line":197,"column":0},"end":{"line":197,"column":32}},"197":{"start":{"line":198,"column":0},"end":{"line":198,"column":23}},"198":{"start":{"line":199,"column":0},"end":{"line":199,"column":7}},"199":{"start":{"line":200,"column":0},"end":{"line":200,"column":38}},"200":{"start":{"line":201,"column":0},"end":{"line":201,"column":22}},"201":{"start":{"line":202,"column":0},"end":{"line":202,"column":67}},"202":{"start":{"line":203,"column":0},"end":{"line":203,"column":7}},"203":{"start":{"line":204,"column":0},"end":{"line":204,"column":5}},"204":{"start":{"line":205,"column":0},"end":{"line":205,"column":3}},"205":{"start":{"line":206,"column":0},"end":{"line":206,"column":18}},"206":{"start":{"line":207,"column":0},"end":{"line":207,"column":20}},"207":{"start":{"line":208,"column":0},"end":{"line":208,"column":73}},"208":{"start":{"line":209,"column":0},"end":{"line":209,"column":5}},"209":{"start":{"line":210,"column":0},"end":{"line":210,"column":11}},"210":{"start":{"line":211,"column":0},"end":{"line":211,"column":1}},"211":{"start":{"line":212,"column":0},"end":{"line":212,"column":0}},"212":{"start":{"line":213,"column":0},"end":{"line":213,"column":25}},"213":{"start":{"line":214,"column":0},"end":{"line":214,"column":29}},"214":{"start":{"line":215,"column":0},"end":{"line":215,"column":43}},"215":{"start":{"line":216,"column":0},"end":{"line":216,"column":0}},"216":{"start":{"line":217,"column":0},"end":{"line":217,"column":42}},"217":{"start":{"line":218,"column":0},"end":{"line":218,"column":0}},"218":{"start":{"line":219,"column":0},"end":{"line":219,"column":26}},"219":{"start":{"line":220,"column":0},"end":{"line":220,"column":19}},"220":{"start":{"line":221,"column":0},"end":{"line":221,"column":18}},"221":{"start":{"line":222,"column":0},"end":{"line":222,"column":25}},"222":{"start":{"line":223,"column":0},"end":{"line":223,"column":16}},"223":{"start":{"line":224,"column":0},"end":{"line":224,"column":25}},"224":{"start":{"line":225,"column":0},"end":{"line":225,"column":20}},"225":{"start":{"line":226,"column":0},"end":{"line":226,"column":66}},"226":{"start":{"line":227,"column":0},"end":{"line":227,"column":5}},"227":{"start":{"line":228,"column":0},"end":{"line":228,"column":0}},"228":{"start":{"line":229,"column":0},"end":{"line":229,"column":32}},"229":{"start":{"line":230,"column":0},"end":{"line":230,"column":35}},"230":{"start":{"line":231,"column":0},"end":{"line":231,"column":36}},"231":{"start":{"line":232,"column":0},"end":{"line":232,"column":34}},"232":{"start":{"line":233,"column":0},"end":{"line":233,"column":0}},"233":{"start":{"line":234,"column":0},"end":{"line":234,"column":62}},"234":{"start":{"line":235,"column":0},"end":{"line":235,"column":1}},"235":{"start":{"line":236,"column":0},"end":{"line":236,"column":0}},"236":{"start":{"line":237,"column":0},"end":{"line":237,"column":22}},"237":{"start":{"line":238,"column":0},"end":{"line":238,"column":19}},"238":{"start":{"line":239,"column":0},"end":{"line":239,"column":16}},"239":{"start":{"line":240,"column":0},"end":{"line":240,"column":23}},"240":{"start":{"line":241,"column":0},"end":{"line":241,"column":13}},"241":{"start":{"line":242,"column":0},"end":{"line":242,"column":20}},"242":{"start":{"line":243,"column":0},"end":{"line":243,"column":73}},"243":{"start":{"line":244,"column":0},"end":{"line":244,"column":3}},"244":{"start":{"line":245,"column":0},"end":{"line":245,"column":11}},"245":{"start":{"line":246,"column":0},"end":{"line":246,"column":1}},"246":{"start":{"line":247,"column":0},"end":{"line":247,"column":0}},"247":{"start":{"line":248,"column":0},"end":{"line":248,"column":76}},"248":{"start":{"line":249,"column":0},"end":{"line":249,"column":62}},"249":{"start":{"line":250,"column":0},"end":{"line":250,"column":12}},"250":{"start":{"line":251,"column":0},"end":{"line":251,"column":1}}},"s":{"0":1,"1":1,"2":1,"3":1,"4":1,"5":1,"6":1,"7":1,"8":1,"9":1,"10":1,"11":1,"12":1,"13":1,"14":1,"15":1,"16":1,"17":1,"18":1,"19":1,"20":1,"21":1,"22":1,"23":1,"24":1,"25":1,"26":1,"27":1,"28":1,"29":1,"30":1,"31":1,"32":1,"33":1,"34":1,"35":1,"36":1,"37":1,"38":1,"39":1,"40":1,"41":1,"42":1,"43":1,"44":1,"45":1,"46":1,"47":1,"48":1,"49":49,"50":49,"51":49,"52":49,"53":49,"54":49,"55":3,"56":3,"57":3,"58":49,"59":49,"60":3,"61":3,"62":3,"63":49,"64":46,"65":46,"66":49,"67":49,"68":49,"69":49,"70":49,"71":49,"72":49,"73":3,"74":3,"75":1,"76":2,"77":3,"78":3,"79":3,"80":49,"81":49,"82":49,"83":49,"84":49,"85":49,"86":76,"87":76,"88":76,"89":76,"90":76,"91":76,"92":76,"93":76,"94":44,"95":44,"96":44,"97":44,"98":44,"99":44,"100":44,"101":44,"102":44,"103":44,"104":3,"105":3,"106":3,"107":3,"108":44,"109":14,"110":14,"111":14,"112":44,"113":1,"114":1,"115":1,"116":1,"117":1,"118":1,"119":1,"120":44,"121":27,"122":27,"123":31,"124":31,"125":27,"126":24,"127":76,"128":76,"129":49,"130":14,"131":14,"132":14,"133":49,"134":49,"135":1,"136":1,"137":1,"138":88,"139":88,"140":88,"141":88,"142":88,"143":88,"144":88,"145":88,"146":3,"147":3,"148":88,"149":39,"150":39,"151":88,"152":12,"153":12,"154":88,"155":34,"156":88,"157":12,"158":12,"159":12,"160":12,"161":12,"162":12,"163":12,"164":12,"165":12,"166":21,"167":21,"168":1,"169":1,"170":21,"171":20,"172":12,"173":1,"174":1,"175":12,"176":10,"177":12,"178":34,"179":34,"180":34,"181":34,"182":34,"183":34,"184":34,"185":34,"186":37,"187":22,"188":22,"189":22,"190":22,"191":22,"192":22,"193":22,"194":2,"195":2,"196":22,"197":16,"198":16,"199":37,"200":1,"201":1,"202":1,"203":1,"204":37,"205":34,"206":34,"207":1,"208":1,"209":34,"210":14,"211":34,"212":1,"213":1,"214":1,"215":1,"216":1,"217":1,"218":24,"219":24,"220":24,"221":24,"222":24,"223":24,"224":24,"225":1,"226":1,"227":1,"228":24,"229":23,"230":23,"231":23,"232":23,"233":23,"234":23,"235":24,"236":18,"237":18,"238":18,"239":18,"240":18,"241":18,"242":1,"243":1,"244":18,"245":17,"246":18,"247":1,"248":1,"249":1,"250":1},"branchMap":{"0":{"type":"branch","line":49,"loc":{"start":{"line":49,"column":2},"end":{"line":135,"column":1}},"locations":[{"start":{"line":49,"column":2},"end":{"line":135,"column":1}}]},"1":{"type":"branch","line":55,"loc":{"start":{"line":55,"column":16},"end":{"line":55,"column":48}},"locations":[{"start":{"line":55,"column":16},"end":{"line":55,"column":48}}]},"2":{"type":"branch","line":55,"loc":{"start":{"line":55,"column":48},"end":{"line":59,"column":6}},"locations":[{"start":{"line":55,"column":48},"end":{"line":59,"column":6}}]},"3":{"type":"branch","line":59,"loc":{"start":{"line":59,"column":2},"end":{"line":60,"column":18}},"locations":[{"start":{"line":59,"column":2},"end":{"line":60,"column":18}}]},"4":{"type":"branch","line":60,"loc":{"start":{"line":60,"column":7},"end":{"line":60,"column":49}},"locations":[{"start":{"line":60,"column":7},"end":{"line":60,"column":49}}]},"5":{"type":"branch","line":60,"loc":{"start":{"line":60,"column":37},"end":{"line":60,"column":67}},"locations":[{"start":{"line":60,"column":37},"end":{"line":60,"column":67}}]},"6":{"type":"branch","line":60,"loc":{"start":{"line":60,"column":67},"end":{"line":64,"column":8}},"locations":[{"start":{"line":60,"column":67},"end":{"line":64,"column":8}}]},"7":{"type":"branch","line":61,"loc":{"start":{"line":61,"column":21},"end":{"line":61,"column":37}},"locations":[{"start":{"line":61,"column":21},"end":{"line":61,"column":37}}]},"8":{"type":"branch","line":64,"loc":{"start":{"line":64,"column":2},"end":{"line":67,"column":27}},"locations":[{"start":{"line":64,"column":2},"end":{"line":67,"column":27}}]},"9":{"type":"branch","line":67,"loc":{"start":{"line":67,"column":12},"end":{"line":67,"column":42}},"locations":[{"start":{"line":67,"column":12},"end":{"line":67,"column":42}}]},"10":{"type":"branch","line":67,"loc":{"start":{"line":67,"column":27},"end":{"line":67,"column":56}},"locations":[{"start":{"line":67,"column":27},"end":{"line":67,"column":56}}]},"11":{"type":"branch","line":68,"loc":{"start":{"line":68,"column":12},"end":{"line":68,"column":36}},"locations":[{"start":{"line":68,"column":12},"end":{"line":68,"column":36}}]},"12":{"type":"branch","line":68,"loc":{"start":{"line":68,"column":24},"end":{"line":68,"column":57}},"locations":[{"start":{"line":68,"column":24},"end":{"line":68,"column":57}}]},"13":{"type":"branch","line":73,"loc":{"start":{"line":73,"column":26},"end":{"line":81,"column":8}},"locations":[{"start":{"line":73,"column":26},"end":{"line":81,"column":8}}]},"14":{"type":"branch","line":75,"loc":{"start":{"line":75,"column":17},"end":{"line":76,"column":72}},"locations":[{"start":{"line":75,"column":17},"end":{"line":76,"column":72}}]},"15":{"type":"branch","line":76,"loc":{"start":{"line":76,"column":67},"end":{"line":77,"column":43}},"locations":[{"start":{"line":76,"column":67},"end":{"line":77,"column":43}}]},"16":{"type":"branch","line":81,"loc":{"start":{"line":81,"column":2},"end":{"line":81,"column":53}},"locations":[{"start":{"line":81,"column":2},"end":{"line":81,"column":53}}]},"17":{"type":"branch","line":81,"loc":{"start":{"line":81,"column":48},"end":{"line":81,"column":55}},"locations":[{"start":{"line":81,"column":48},"end":{"line":81,"column":55}}]},"18":{"type":"branch","line":86,"loc":{"start":{"line":86,"column":40},"end":{"line":130,"column":6}},"locations":[{"start":{"line":86,"column":40},"end":{"line":130,"column":6}}]},"19":{"type":"branch","line":94,"loc":{"start":{"line":94,"column":15},"end":{"line":127,"column":5}},"locations":[{"start":{"line":94,"column":15},"end":{"line":127,"column":5}}]},"20":{"type":"branch","line":101,"loc":{"start":{"line":101,"column":8},"end":{"line":101,"column":35}},"locations":[{"start":{"line":101,"column":8},"end":{"line":101,"column":35}}]},"21":{"type":"branch","line":104,"loc":{"start":{"line":104,"column":29},"end":{"line":109,"column":10}},"locations":[{"start":{"line":104,"column":29},"end":{"line":109,"column":10}}]},"22":{"type":"branch","line":109,"loc":{"start":{"line":109,"column":6},"end":{"line":109,"column":25}},"locations":[{"start":{"line":109,"column":6},"end":{"line":109,"column":25}}]},"23":{"type":"branch","line":109,"loc":{"start":{"line":109,"column":24},"end":{"line":113,"column":10}},"locations":[{"start":{"line":109,"column":24},"end":{"line":113,"column":10}}]},"24":{"type":"branch","line":113,"loc":{"start":{"line":113,"column":6},"end":{"line":113,"column":34}},"locations":[{"start":{"line":113,"column":6},"end":{"line":113,"column":34}}]},"25":{"type":"branch","line":113,"loc":{"start":{"line":113,"column":33},"end":{"line":121,"column":21}},"locations":[{"start":{"line":113,"column":33},"end":{"line":121,"column":21}}]},"26":{"type":"branch","line":121,"loc":{"start":{"line":121,"column":6},"end":{"line":127,"column":5}},"locations":[{"start":{"line":121,"column":6},"end":{"line":127,"column":5}}]},"27":{"type":"branch","line":130,"loc":{"start":{"line":130,"column":2},"end":{"line":130,"column":21}},"locations":[{"start":{"line":130,"column":2},"end":{"line":130,"column":21}}]},"28":{"type":"branch","line":130,"loc":{"start":{"line":130,"column":20},"end":{"line":134,"column":9}},"locations":[{"start":{"line":130,"column":20},"end":{"line":134,"column":9}}]},"29":{"type":"branch","line":134,"loc":{"start":{"line":134,"column":2},"end":{"line":135,"column":1}},"locations":[{"start":{"line":134,"column":2},"end":{"line":135,"column":1}}]},"30":{"type":"branch","line":121,"loc":{"start":{"line":121,"column":35},"end":{"line":126,"column":8}},"locations":[{"start":{"line":121,"column":35},"end":{"line":126,"column":8}}]},"31":{"type":"branch","line":123,"loc":{"start":{"line":123,"column":72},"end":{"line":125,"column":10}},"locations":[{"start":{"line":123,"column":72},"end":{"line":125,"column":10}}]},"32":{"type":"branch","line":135,"loc":{"start":{"line":135,"column":0},"end":{"line":135,"column":1}},"locations":[{"start":{"line":135,"column":0},"end":{"line":135,"column":1}}]},"33":{"type":"branch","line":139,"loc":{"start":{"line":139,"column":0},"end":{"line":158,"column":9}},"locations":[{"start":{"line":139,"column":0},"end":{"line":158,"column":9}}]},"34":{"type":"branch","line":146,"loc":{"start":{"line":146,"column":24},"end":{"line":149,"column":6}},"locations":[{"start":{"line":146,"column":24},"end":{"line":149,"column":6}}]},"35":{"type":"branch","line":149,"loc":{"start":{"line":149,"column":2},"end":{"line":149,"column":36}},"locations":[{"start":{"line":149,"column":2},"end":{"line":149,"column":36}}]},"36":{"type":"branch","line":149,"loc":{"start":{"line":149,"column":35},"end":{"line":152,"column":6}},"locations":[{"start":{"line":149,"column":35},"end":{"line":152,"column":6}}]},"37":{"type":"branch","line":152,"loc":{"start":{"line":152,"column":2},"end":{"line":152,"column":25}},"locations":[{"start":{"line":152,"column":2},"end":{"line":152,"column":25}}]},"38":{"type":"branch","line":152,"loc":{"start":{"line":152,"column":24},"end":{"line":155,"column":9}},"locations":[{"start":{"line":152,"column":24},"end":{"line":155,"column":9}}]},"39":{"type":"branch","line":155,"loc":{"start":{"line":155,"column":2},"end":{"line":156,"column":1}},"locations":[{"start":{"line":155,"column":2},"end":{"line":156,"column":1}}]},"40":{"type":"branch","line":158,"loc":{"start":{"line":158,"column":0},"end":{"line":179,"column":9}},"locations":[{"start":{"line":158,"column":0},"end":{"line":179,"column":9}}]},"41":{"type":"branch","line":166,"loc":{"start":{"line":166,"column":27},"end":{"line":173,"column":6}},"locations":[{"start":{"line":166,"column":27},"end":{"line":173,"column":6}}]},"42":{"type":"branch","line":168,"loc":{"start":{"line":168,"column":25},"end":{"line":171,"column":13}},"locations":[{"start":{"line":168,"column":25},"end":{"line":171,"column":13}}]},"43":{"type":"branch","line":171,"loc":{"start":{"line":171,"column":4},"end":{"line":173,"column":6}},"locations":[{"start":{"line":171,"column":4},"end":{"line":173,"column":6}}]},"44":{"type":"branch","line":173,"loc":{"start":{"line":173,"column":2},"end":{"line":173,"column":30}},"locations":[{"start":{"line":173,"column":2},"end":{"line":173,"column":30}}]},"45":{"type":"branch","line":173,"loc":{"start":{"line":173,"column":29},"end":{"line":176,"column":9}},"locations":[{"start":{"line":173,"column":29},"end":{"line":176,"column":9}}]},"46":{"type":"branch","line":176,"loc":{"start":{"line":176,"column":2},"end":{"line":177,"column":1}},"locations":[{"start":{"line":176,"column":2},"end":{"line":177,"column":1}}]},"47":{"type":"branch","line":179,"loc":{"start":{"line":179,"column":0},"end":{"line":213,"column":6}},"locations":[{"start":{"line":179,"column":0},"end":{"line":213,"column":6}}]},"48":{"type":"branch","line":186,"loc":{"start":{"line":186,"column":35},"end":{"line":206,"column":6}},"locations":[{"start":{"line":186,"column":35},"end":{"line":206,"column":6}}]},"49":{"type":"branch","line":187,"loc":{"start":{"line":187,"column":35},"end":{"line":200,"column":15}},"locations":[{"start":{"line":187,"column":35},"end":{"line":200,"column":15}}]},"50":{"type":"branch","line":194,"loc":{"start":{"line":194,"column":29},"end":{"line":197,"column":10}},"locations":[{"start":{"line":194,"column":29},"end":{"line":197,"column":10}}]},"51":{"type":"branch","line":197,"loc":{"start":{"line":197,"column":6},"end":{"line":197,"column":32}},"locations":[{"start":{"line":197,"column":6},"end":{"line":197,"column":32}}]},"52":{"type":"branch","line":197,"loc":{"start":{"line":197,"column":31},"end":{"line":199,"column":7}},"locations":[{"start":{"line":197,"column":31},"end":{"line":199,"column":7}}]},"53":{"type":"branch","line":200,"loc":{"start":{"line":200,"column":4},"end":{"line":204,"column":5}},"locations":[{"start":{"line":200,"column":4},"end":{"line":204,"column":5}}]},"54":{"type":"branch","line":200,"loc":{"start":{"line":200,"column":37},"end":{"line":204,"column":5}},"locations":[{"start":{"line":200,"column":37},"end":{"line":204,"column":5}}]},"55":{"type":"branch","line":206,"loc":{"start":{"line":206,"column":2},"end":{"line":207,"column":10}},"locations":[{"start":{"line":206,"column":2},"end":{"line":207,"column":10}}]},"56":{"type":"branch","line":207,"loc":{"start":{"line":207,"column":4},"end":{"line":210,"column":9}},"locations":[{"start":{"line":207,"column":4},"end":{"line":210,"column":9}}]},"57":{"type":"branch","line":210,"loc":{"start":{"line":210,"column":2},"end":{"line":211,"column":1}},"locations":[{"start":{"line":210,"column":2},"end":{"line":211,"column":1}}]},"58":{"type":"branch","line":219,"loc":{"start":{"line":219,"column":0},"end":{"line":237,"column":9}},"locations":[{"start":{"line":219,"column":0},"end":{"line":237,"column":9}}]},"59":{"type":"branch","line":225,"loc":{"start":{"line":225,"column":4},"end":{"line":229,"column":8}},"locations":[{"start":{"line":225,"column":4},"end":{"line":229,"column":8}}]},"60":{"type":"branch","line":229,"loc":{"start":{"line":229,"column":2},"end":{"line":235,"column":1}},"locations":[{"start":{"line":229,"column":2},"end":{"line":235,"column":1}}]},"61":{"type":"branch","line":237,"loc":{"start":{"line":237,"column":0},"end":{"line":248,"column":9}},"locations":[{"start":{"line":237,"column":0},"end":{"line":248,"column":9}}]},"62":{"type":"branch","line":242,"loc":{"start":{"line":242,"column":19},"end":{"line":245,"column":9}},"locations":[{"start":{"line":242,"column":19},"end":{"line":245,"column":9}}]},"63":{"type":"branch","line":245,"loc":{"start":{"line":245,"column":2},"end":{"line":246,"column":1}},"locations":[{"start":{"line":245,"column":2},"end":{"line":246,"column":1}}]},"64":{"type":"branch","line":249,"loc":{"start":{"line":249,"column":29},"end":{"line":249,"column":62}},"locations":[{"start":{"line":249,"column":29},"end":{"line":249,"column":62}}]},"65":{"type":"branch","line":249,"loc":{"start":{"line":249,"column":42},"end":{"line":249,"column":62}},"locations":[{"start":{"line":249,"column":42},"end":{"line":249,"column":62}}]}},"b":{"0":[49],"1":[38],"2":[3],"3":[46],"4":[45],"5":[43],"6":[3],"7":[1],"8":[46],"9":[3],"10":[43],"11":[6],"12":[40],"13":[3],"14":[1],"15":[2],"16":[43],"17":[17],"18":[76],"19":[44],"20":[1],"21":[3],"22":[39],"23":[14],"24":[25],"25":[1],"26":[24],"27":[56],"28":[14],"29":[9],"30":[27],"31":[31],"32":[49],"33":[88],"34":[3],"35":[85],"36":[39],"37":[46],"38":[12],"39":[34],"40":[12],"41":[21],"42":[1],"43":[20],"44":[11],"45":[1],"46":[10],"47":[34],"48":[37],"49":[22],"50":[2],"51":[20],"52":[16],"53":[15],"54":[1],"55":[15],"56":[1],"57":[14],"58":[24],"59":[1],"60":[23],"61":[18],"62":[1],"63":[17],"64":[224],"65":[178]},"fnMap":{"0":{"name":"resolveExports","decl":{"start":{"line":49,"column":2},"end":{"line":135,"column":1}},"loc":{"start":{"line":49,"column":2},"end":{"line":135,"column":1}},"line":49},"1":{"name":"get","decl":{"start":{"line":135,"column":0},"end":{"line":135,"column":1}},"loc":{"start":{"line":135,"column":0},"end":{"line":135,"column":1}},"line":135},"2":{"name":"resolveMapping","decl":{"start":{"line":139,"column":0},"end":{"line":158,"column":9}},"loc":{"start":{"line":139,"column":0},"end":{"line":158,"column":9}},"line":139},"3":{"name":"resolveArray","decl":{"start":{"line":158,"column":0},"end":{"line":179,"column":9}},"loc":{"start":{"line":158,"column":0},"end":{"line":179,"column":9}},"line":158},"4":{"name":"resolveConditions","decl":{"start":{"line":179,"column":0},"end":{"line":213,"column":6}},"loc":{"start":{"line":179,"column":0},"end":{"line":213,"column":6}},"line":179},"5":{"name":"parsePathPattern","decl":{"start":{"line":219,"column":0},"end":{"line":237,"column":9}},"loc":{"start":{"line":219,"column":0},"end":{"line":237,"column":9}},"line":219},"6":{"name":"missingEntry","decl":{"start":{"line":237,"column":0},"end":{"line":248,"column":9}},"loc":{"start":{"line":237,"column":0},"end":{"line":248,"column":9}},"line":237}},"f":{"0":49,"1":49,"2":88,"3":12,"4":34,"5":24,"6":18}}
}
